[    0.000000] Initializing cgroup subsys cpuset
[    0.000000] Initializing cgroup subsys cpu
[    0.000000] Initializing cgroup subsys cpuacct
[    0.000000] Linux version 4.4.0-79-generic (buildd@lcy01-30) (gcc version 5.4.0 20160609 (Ubuntu 5.4.0-6ubuntu1~16.04.4) ) #100-Ubuntu SMP Wed May 17 19:58:14 UTC 2017 (Ubuntu 4.4.0-79.100-generic 4.4.67)
[    0.000000] Command line: BOOT_IMAGE=/boot/vmlinuz-4.4.0-79-generic root=LABEL=cloudimg-rootfs ro console=tty1 console=ttyS0
[    0.000000] KERNEL supported cpus:
[    0.000000]   Intel GenuineIntel
[    0.000000]   AMD AuthenticAMD
[    0.000000]   Centaur CentaurHauls
[    0.000000] x86/fpu: xstate_offset[2]:  576, xstate_sizes[2]:  256
[    0.000000] x86/fpu: Supporting XSAVE feature 0x01: 'x87 floating point registers'
[    0.000000] x86/fpu: Supporting XSAVE feature 0x02: 'SSE registers'
[    0.000000] x86/fpu: Supporting XSAVE feature 0x04: 'AVX registers'
[    0.000000] x86/fpu: Enabled xstate features 0x7, context size is 832 bytes, using 'standard' format.
[    0.000000] x86/fpu: Using 'lazy' FPU context switches.
[    0.000000] e820: BIOS-provided physical RAM map:
[    0.000000] BIOS-e820: [mem 0x0000000000000000-0x000000000009fbff] usable
[    0.000000] BIOS-e820: [mem 0x000000000009fc00-0x000000000009ffff] reserved
[    0.000000] BIOS-e820: [mem 0x00000000000f0000-0x00000000000fffff] reserved
[    0.000000] BIOS-e820: [mem 0x0000000000100000-0x000000003ffeffff] usable
[    0.000000] BIOS-e820: [mem 0x000000003fff0000-0x000000003fffffff] ACPI data
[    0.000000] BIOS-e820: [mem 0x00000000fec00000-0x00000000fec00fff] reserved
[    0.000000] BIOS-e820: [mem 0x00000000fee00000-0x00000000fee00fff] reserved
[    0.000000] BIOS-e820: [mem 0x00000000fffc0000-0x00000000ffffffff] reserved
[    0.000000] NX (Execute Disable) protection: active
[    0.000000] SMBIOS 2.5 present.
[    0.000000] Hypervisor detected: KVM
[    0.000000] e820: last_pfn = 0x3fff0 max_arch_pfn = 0x400000000
[    0.000000] MTRR: Disabled
[    0.000000] x86/PAT: MTRRs disabled, skipping PAT initialization too.
[    0.000000] x86/PAT: Configuration [0-7]: WB  WT  UC- UC  WB  WT  UC- UC  
[    0.000000] CPU MTRRs all blank - virtualized system.
[    0.000000] found SMP MP-table at [mem 0x0009fff0-0x0009ffff] mapped at [ffff88000009fff0]
[    0.000000] Scanning 1 areas for low memory corruption
[    0.000000] RAMDISK: [mem 0x36af6000-0x37572fff]
[    0.000000] ACPI: Early table checksum verification disabled
[    0.000000] ACPI: RSDP 0x00000000000E0000 000024 (v02 VBOX  )
[    0.000000] ACPI: XSDT 0x000000003FFF0030 00003C (v01 VBOX   VBOXXSDT 00000001 ASL  00000061)
[    0.000000] ACPI: FACP 0x000000003FFF00F0 0000F4 (v04 VBOX   VBOXFACP 00000001 ASL  00000061)
[    0.000000] ACPI: DSDT 0x000000003FFF0470 0021C8 (v02 VBOX   VBOXBIOS 00000002 INTL 20100528)
[    0.000000] ACPI: FACS 0x000000003FFF0200 000040
[    0.000000] ACPI: FACS 0x000000003FFF0200 000040
[    0.000000] ACPI: APIC 0x000000003FFF0240 00005C (v02 VBOX   VBOXAPIC 00000001 ASL  00000061)
[    0.000000] ACPI: SSDT 0x000000003FFF02A0 0001CC (v01 VBOX   VBOXCPUT 00000002 INTL 20100528)
[    0.000000] No NUMA configuration found
[    0.000000] Faking a node at [mem 0x0000000000000000-0x000000003ffeffff]
[    0.000000] NODE_DATA(0) allocated [mem 0x3ffeb000-0x3ffeffff]
[    0.000000] kvm-clock: Using msrs 4b564d01 and 4b564d00
[    0.000000] kvm-clock: cpu 0, msr 0:3ffe3001, primary cpu clock
[    0.000000] kvm-clock: using sched offset of 3431218722 cycles
[    0.000000] clocksource: kvm-clock: mask: 0xffffffffffffffff max_cycles: 0x1cd42e4dffb, max_idle_ns: 881590591483 ns
[    0.000000] Zone ranges:
[    0.000000]   DMA      [mem 0x0000000000001000-0x0000000000ffffff]
[    0.000000]   DMA32    [mem 0x0000000001000000-0x000000003ffeffff]
[    0.000000]   Normal   empty
[    0.000000]   Device   empty
[    0.000000] Movable zone start for each node
[    0.000000] Early memory node ranges
[    0.000000]   node   0: [mem 0x0000000000001000-0x000000000009efff]
[    0.000000]   node   0: [mem 0x0000000000100000-0x000000003ffeffff]
[    0.000000] Initmem setup node 0 [mem 0x0000000000001000-0x000000003ffeffff]
[    0.000000] ACPI: PM-Timer IO Port: 0x4008
[    0.000000] IOAPIC[0]: apic_id 2, version 32, address 0xfec00000, GSI 0-23
[    0.000000] ACPI: INT_SRC_OVR (bus 0 bus_irq 0 global_irq 2 dfl dfl)
[    0.000000] ACPI: INT_SRC_OVR (bus 0 bus_irq 9 global_irq 9 high level)
[    0.000000] Using ACPI (MADT) for SMP configuration information
[    0.000000] smpboot: Allowing 2 CPUs, 0 hotplug CPUs
[    0.000000] PM: Registered nosave memory: [mem 0x00000000-0x00000fff]
[    0.000000] PM: Registered nosave memory: [mem 0x0009f000-0x0009ffff]
[    0.000000] PM: Registered nosave memory: [mem 0x000a0000-0x000effff]
[    0.000000] PM: Registered nosave memory: [mem 0x000f0000-0x000fffff]
[    0.000000] e820: [mem 0x40000000-0xfebfffff] available for PCI devices
[    0.000000] Booting paravirtualized kernel on KVM
[    0.000000] clocksource: refined-jiffies: mask: 0xffffffff max_cycles: 0xffffffff, max_idle_ns: 7645519600211568 ns
[    0.000000] setup_percpu: NR_CPUS:512 nr_cpumask_bits:512 nr_cpu_ids:2 nr_node_ids:1
[    0.000000] PERCPU: Embedded 33 pages/cpu @ffff88003fc00000 s98264 r8192 d28712 u1048576
[    0.000000] PV qspinlock hash table entries: 256 (order: 0, 4096 bytes)
[    0.000000] Built 1 zonelists in Node order, mobility grouping on.  Total pages: 257913
[    0.000000] Policy zone: DMA32
[    0.000000] Kernel command line: BOOT_IMAGE=/boot/vmlinuz-4.4.0-79-generic root=LABEL=cloudimg-rootfs ro console=tty1 console=ttyS0
[    0.000000] PID hash table entries: 4096 (order: 3, 32768 bytes)
[    0.000000] Memory: 1001840K/1048120K available (8469K kernel code, 1294K rwdata, 3984K rodata, 1484K init, 1316K bss, 46280K reserved, 0K cma-reserved)
[    0.000000] SLUB: HWalign=64, Order=0-3, MinObjects=0, CPUs=2, Nodes=1
[    0.000000] Hierarchical RCU implementation.
[    0.000000] 	Build-time adjustment of leaf fanout to 64.
[    0.000000] 	RCU restricting CPUs from NR_CPUS=512 to nr_cpu_ids=2.
[    0.000000] RCU: Adjusting geometry for rcu_fanout_leaf=64, nr_cpu_ids=2
[    0.000000] NR_IRQS:33024 nr_irqs:440 16
[    0.000000] Console: colour VGA+ 80x25
[    0.000000] console [tty1] enabled
[    0.000000] console [ttyS0] enabled
[    0.000000] tsc: Detected 1991.999 MHz processor
[    2.133356] Calibrating delay loop (skipped) preset value.. 3983.99 BogoMIPS (lpj=7967996)
[    2.165219] pid_max: default: 32768 minimum: 301
[    2.169803] ACPI: Core revision 20150930
[    2.190642] ACPI: 2 ACPI AML tables successfully acquired and loaded
[    2.192409] Security Framework initialized
[    2.195699] Yama: becoming mindful.
[    2.202120] AppArmor: AppArmor initialized
[    2.203985] Dentry cache hash table entries: 131072 (order: 8, 1048576 bytes)
[    2.207578] Inode-cache hash table entries: 65536 (order: 7, 524288 bytes)
[    2.248369] Mount-cache hash table entries: 2048 (order: 2, 16384 bytes)
[    2.266337] Mountpoint-cache hash table entries: 2048 (order: 2, 16384 bytes)
[    2.292152] Initializing cgroup subsys io
[    2.297602] Initializing cgroup subsys memory
[    2.317065] Initializing cgroup subsys devices
[    2.329661] Initializing cgroup subsys freezer
[    2.337484] Initializing cgroup subsys net_cls
[    2.352972] Initializing cgroup subsys perf_event
[    2.354053] Initializing cgroup subsys net_prio
[    2.355073] Initializing cgroup subsys hugetlb
[    2.356074] Initializing cgroup subsys pids
[    2.357643] CPU: Physical Processor ID: 0
[    2.365700] CPU: Processor Core ID: 0
[    2.367856] mce: CPU supports 0 MCE banks
[    2.386849] Last level iTLB entries: 4KB 64, 2MB 8, 4MB 8
[    2.411149] Last level dTLB entries: 4KB 64, 2MB 0, 4MB 0, 1GB 4
[    2.433843] Freeing SMP alternatives memory: 32K (ffffffff820b8000 - ffffffff820c0000)
[    2.446194] ftrace: allocating 32127 entries in 126 pages
[    2.507007] smpboot: APIC(0) Converting physical 0 to logical package 0
[    2.514248] smpboot: Max logical packages: 1
[    2.515487] x2apic enabled
[    2.533835] Switched APIC routing to physical x2apic.
[    2.538752] ..TIMER: vector=0x30 apic1=0 pin1=2 apic2=-1 pin2=-1
[    2.644564] smpboot: CPU0: Intel(R) Core(TM) i5-6360U CPU @ 2.00GHz (family: 0x6, model: 0x4e, stepping: 0x3)
[    2.726473] Performance Events: unsupported p6 CPU model 78 no PMU driver, software events only.
[    2.876713] KVM setup paravirtual spinlock
[    2.930400] x86: Booting SMP configuration:
[    2.966652] .... node  #0, CPUs:      #1
[    3.015727] kvm-clock: cpu 1, msr 0:3ffe3041, secondary cpu clock
[    3.027771] mce: CPU supports 0 MCE banks
[    3.034437] x86: Booted up 1 node, 2 CPUs
[    3.067684] smpboot: Total of 2 processors activated (7967.99 BogoMIPS)
[    3.120358] devtmpfs: initialized
[    3.146099] evm: security.selinux
[    3.186282] evm: security.SMACK64
[    3.223219] evm: security.SMACK64EXEC
[    3.252613] evm: security.SMACK64TRANSMUTE
[    3.284012] evm: security.SMACK64MMAP
[    3.323676] evm: security.ima
[    3.341538] evm: security.capability
[    3.371720] clocksource: jiffies: mask: 0xffffffff max_cycles: 0xffffffff, max_idle_ns: 7645041785100000 ns
[    3.398232] futex hash table entries: 512 (order: 3, 32768 bytes)
[    3.401500] pinctrl core: initialized pinctrl subsystem
[    3.409758] RTC time: 23:56:53, date: 06/10/17
[    3.418463] NET: Registered protocol family 16
[    3.440529] cpuidle: using governor ladder
[    3.465361] cpuidle: using governor menu
[    3.473176] PCCT header not found.
[    3.479618] ACPI: bus type PCI registered
[    3.480546] acpiphp: ACPI Hot Plug PCI Controller Driver version: 0.5
[    3.481902] PCI: Using configuration type 1 for base access
[    3.494921] ACPI: Added _OSI(Module Device)
[    3.504153] ACPI: Added _OSI(Processor Device)
[    3.516133] ACPI: Added _OSI(3.0 _SCP Extensions)
[    3.517199] ACPI: Added _OSI(Processor Aggregator Device)
[    3.520259] ACPI: Executed 1 blocks of module-level executable AML code
[    3.530875] ACPI: Interpreter enabled
[    3.538572] ACPI: (supports S0 S5)
[    3.550358] ACPI: Using IOAPIC for interrupt routing
[    3.565585] PCI: Using host bridge windows from ACPI; if necessary, use "pci=nocrs" and report a bug
[    3.572895] ACPI: PCI Root Bridge [PCI0] (domain 0000 [bus 00-ff])
[    3.580984] acpi PNP0A03:00: _OSC: OS supports [ASPM ClockPM Segments MSI]
[    3.582287] acpi PNP0A03:00: _OSC failed (AE_NOT_FOUND); disabling ASPM
[    3.591536] acpi PNP0A03:00: fail to add MMCONFIG information, can't access extended PCI configuration space under this bridge.
[    3.617118] PCI host bridge to bus 0000:00
[    3.617951] pci_bus 0000:00: root bus resource [io  0x0000-0x0cf7 window]
[    3.619173] pci_bus 0000:00: root bus resource [io  0x0d00-0xffff window]
[    3.665650] pci_bus 0000:00: root bus resource [mem 0x000a0000-0x000bffff window]
[    3.735113] pci_bus 0000:00: root bus resource [mem 0x40000000-0xffdfffff window]
[    3.806887] pci_bus 0000:00: root bus resource [bus 00-ff]
[    3.874162] pci 0000:00:01.1: legacy IDE quirk: reg 0x10: [io  0x01f0-0x01f7]
[    3.900784] pci 0000:00:01.1: legacy IDE quirk: reg 0x14: [io  0x03f6]
[    3.907652] pci 0000:00:01.1: legacy IDE quirk: reg 0x18: [io  0x0170-0x0177]
[    3.991650] pci 0000:00:01.1: legacy IDE quirk: reg 0x1c: [io  0x0376]
[    4.047116] pci 0000:00:07.0: quirk: [io  0x4000-0x403f] claimed by PIIX4 ACPI
[    4.131825] pci 0000:00:07.0: quirk: [io  0x4100-0x410f] claimed by PIIX4 SMB
[    4.214677] ACPI: PCI Interrupt Link [LNKA] (IRQs 5 9 10 *11)
[    4.283671] ACPI: PCI Interrupt Link [LNKB] (IRQs 5 9 10 *11)
[    4.351146] ACPI: PCI Interrupt Link [LNKC] (IRQs 5 9 *10 11)
[    4.388369] ACPI: PCI Interrupt Link [LNKD] (IRQs 5 *9 10 11)
[    4.390110] ACPI: Enabled 2 GPEs in block 00 to 07
[    4.411372] vgaarb: setting as boot device: PCI:0000:00:02.0
[    4.478612] vgaarb: device added: PCI:0000:00:02.0,decodes=io+mem,owns=io+mem,locks=none
[    4.501446] vgaarb: loaded
[    4.509862] vgaarb: bridge control possible 0000:00:02.0
[    4.521910] SCSI subsystem initialized
[    4.524245] ACPI: bus type USB registered
[    4.534345] usbcore: registered new interface driver usbfs
[    4.550442] usbcore: registered new interface driver hub
[    4.585969] usbcore: registered new device driver usb
[    4.609014] PCI: Using ACPI for IRQ routing
[    4.610291] NetLabel: Initializing
[    4.613590] NetLabel:  domain hash size = 128
[    4.620209] NetLabel:  protocols = UNLABELED CIPSOv4
[    4.632626] NetLabel:  unlabeled traffic allowed by default
[    4.634245] amd_nb: Cannot enumerate AMD northbridges
[    4.646608] clocksource: Switched to clocksource kvm-clock
[    4.661583] AppArmor: AppArmor Filesystem Enabled
[    4.675124] pnp: PnP ACPI init
[    4.676755] pnp: PnP ACPI: found 3 devices
[    4.693251] clocksource: acpi_pm: mask: 0xffffff max_cycles: 0xffffff, max_idle_ns: 2085701024 ns
[    4.742743] NET: Registered protocol family 2
[    4.743891] TCP established hash table entries: 8192 (order: 4, 65536 bytes)
[    4.751000] TCP bind hash table entries: 8192 (order: 5, 131072 bytes)
[    4.763752] TCP: Hash tables configured (established 8192 bind 8192)
[    4.765088] UDP hash table entries: 512 (order: 2, 16384 bytes)
[    4.766329] UDP-Lite hash table entries: 512 (order: 2, 16384 bytes)
[    4.774673] NET: Registered protocol family 1
[    4.801025] pci 0000:00:00.0: Limiting direct PCI/PCI transfers
[    4.802292] pci 0000:00:01.0: Activating ISA DMA hang workarounds
[    4.884943] Unpacking initramfs...
[    6.653716] Freeing initrd memory: 10740K (ffff880036af6000 - ffff880037573000)
[    6.693073] platform rtc_cmos: registered platform RTC device (no PNP device found)
[    6.762619] Scanning for low memory corruption every 60 seconds
[    6.913291] audit: initializing netlink subsys (disabled)
[    6.990755] audit: type=2000 audit(1497139018.639:1): initialized
[    7.027863] Initialise system trusted keyring
[    7.062389] HugeTLB registered 2 MB page size, pre-allocated 0 pages
[    7.122889] zbud: loaded
[    7.182371] VFS: Disk quotas dquot_6.6.0
[    7.273352] VFS: Dquot-cache hash table entries: 512 (order 0, 4096 bytes)
[    7.323714] squashfs: version 4.0 (2009/01/31) Phillip Lougher
[    7.325650] fuse init (API version 7.23)
[    7.415951] Key type big_key registered
[    7.496054] Allocating IMA MOK and blacklist keyrings.
[    7.526986] Key type asymmetric registered
[    7.580651] Asymmetric key parser 'x509' registered
[    7.640585] Block layer SCSI generic (bsg) driver version 0.4 loaded (major 249)
[    7.689274] io scheduler noop registered
[    7.749825] tsc: Refined TSC clocksource calibration: 1991.442 MHz
[    7.899421] clocksource: tsc: mask: 0xffffffffffffffff max_cycles: 0x39693327579, max_idle_ns: 881590484756 ns
[    7.899487] io scheduler deadline registered (default)
[    7.899580] io scheduler cfq registered
[    7.899705] pci_hotplug: PCI Hot Plug PCI Core version: 0.5
[    7.899710] pciehp: PCI Express Hot Plug Controller Driver version: 0.4
[    7.900053] ACPI: AC Adapter [AC] (off-line)
[    7.900102] input: Power Button as /devices/LNXSYSTM:00/LNXPWRBN:00/input/input0
[    7.900104] ACPI: Power Button [PWRF]
[    7.900171] input: Sleep Button as /devices/LNXSYSTM:00/LNXSLPBN:00/input/input1
[    7.900173] ACPI: Sleep Button [SLPF]
[    7.901538] ACPI: Battery Slot [BAT0] (battery present)
[    7.901579] GHES: HEST is not enabled!
[    7.901696] Serial: 8250/16550 driver, 32 ports, IRQ sharing enabled
[    7.974193] 00:02: ttyS0 at I/O 0x3f8 (irq = 4, base_baud = 115200) is a 16550A
[    7.979083] Linux agpgart interface v0.103
[    7.980638] loop: module loaded
[    7.981298] scsi host0: ata_piix
[    7.981362] scsi host1: ata_piix
[    7.981398] ata1: PATA max UDMA/33 cmd 0x1f0 ctl 0x3f6 bmdma 0xd000 irq 14
[    7.981399] ata2: PATA max UDMA/33 cmd 0x170 ctl 0x376 bmdma 0xd008 irq 15
[    7.981486] libphy: Fixed MDIO Bus: probed
[    7.981489] tun: Universal TUN/TAP device driver, 1.6
[    7.981490] tun: (C) 1999-2004 Max Krasnyansky <maxk@qualcomm.com>
[    7.981848] PPP generic driver version 2.4.2
[    7.981913] ehci_hcd: USB 2.0 'Enhanced' Host Controller (EHCI) Driver
[    7.981917] ehci-pci: EHCI PCI platform driver
[    7.981934] ehci-platform: EHCI generic platform driver
[    7.981944] ohci_hcd: USB 1.1 'Open' Host Controller (OHCI) Driver
[    7.981948] ohci-pci: OHCI PCI platform driver
[    7.981957] ohci-platform: OHCI generic platform driver
[    7.981964] uhci_hcd: USB Universal Host Controller Interface driver
[    7.982028] i8042: PNP: PS/2 Controller [PNP0303:PS2K,PNP0f03:PS2M] at 0x60,0x64 irq 1,12
[    7.987878] serio: i8042 KBD port at 0x60,0x64 irq 1
[    7.987884] serio: i8042 AUX port at 0x60,0x64 irq 12
[    7.988029] mousedev: PS/2 mouse device common for all mice
[    7.988367] rtc_cmos rtc_cmos: rtc core: registered rtc_cmos as rtc0
[    7.988427] rtc_cmos rtc_cmos: alarms up to one day, 114 bytes nvram
[    7.988434] i2c /dev entries driver
[    7.988498] device-mapper: uevent: version 1.0.3
[    7.988556] device-mapper: ioctl: 4.34.0-ioctl (2015-10-28) initialised: dm-devel@redhat.com
[    7.988579] ledtrig-cpu: registered to indicate activity on CPUs
[    7.988881] NET: Registered protocol family 10
[    7.989035] NET: Registered protocol family 17
[    7.989048] Key type dns_resolver registered
[    8.003806] microcode: CPU0 sig=0x406e3, pf=0x2, revision=0x0
[    8.003868] microcode: CPU1 sig=0x406e3, pf=0x2, revision=0x0
[    8.003925] microcode: Microcode Update Driver: v2.01 <tigran@aivazian.fsnet.co.uk>, Peter Oruba
[    8.004046] registered taskstats version 1
[    8.004059] Loading compiled-in X.509 certificates
[    8.004630] Loaded X.509 cert 'Build time autogenerated kernel key: 761c03361fb5ffec61c19dca354b3d4126495503'
[    8.004651] zswap: loaded using pool lzo/zbud
[    8.006138] Key type trusted registered
[    8.010414] Key type encrypted registered
[    8.010425] AppArmor: AppArmor sha1 policy hashing enabled
[    8.010429] ima: No TPM chip found, activating TPM-bypass!
[    8.010469] evm: HMAC attrs: 0x1
[    8.010944]   Magic number: 5:84:959
[    8.040767] rtc_cmos rtc_cmos: setting system clock to 2017-06-10 23:56:58 UTC (1497139018)
[    8.040923] BIOS EDD facility v0.16 2004-Jun-25, 0 devices found
[    8.040924] EDD information not available.
[    8.098923] input: AT Translated Set 2 keyboard as /devices/platform/i8042/serio0/input/input2
[    9.197648] Freeing unused kernel memory: 1484K (ffffffff81f45000 - ffffffff820b8000)
[    9.199704] Write protecting the kernel read-only data: 14336k
[    9.211267] Freeing unused kernel memory: 1760K (ffff880001848000 - ffff880001a00000)
[    9.214614] Freeing unused kernel memory: 112K (ffff880001de4000 - ffff880001e00000)
Loading, please wait...
starting version[    9.232088] random: systemd-udevd: uninitialized urandom read (16 bytes read, 5 bits of entropy available)
 229
[    9.232972] random: udevadm: uninitialized urandom read (16 bytes read, 5 bits of entropy available)
[    9.233004] random: udevadm: uninitialized urandom read (16 bytes read, 5 bits of entropy available)
[    9.233106] random: udevadm: uninitialized urandom read (16 bytes read, 5 bits of entropy available)
[    9.233142] random: udevadm: uninitialized urandom read (16 bytes read, 5 bits of entropy available)
[    9.233175] random: udevadm: uninitialized urandom read (16 bytes read, 5 bits of entropy available)
[    9.233210] random: udevadm: uninitialized urandom read (16 bytes read, 5 bits of entropy available)
[    9.233242] random: udevadm: uninitialized urandom read (16 bytes read, 5 bits of entropy available)
[    9.233273] random: udevadm: uninitialized urandom read (16 bytes read, 5 bits of entropy available)
[    9.233305] random: udevadm: uninitialized urandom read (16 bytes read, 5 bits of entropy available)
[   10.077292] e1000: Intel(R) PRO/1000 Network Driver - version 7.3.21-k8-NAPI
[   10.182248] e1000: Copyright (c) 1999-2006 Intel Corporation.
[   10.193532] Fusion MPT base driver 3.04.20
[   10.196323] Copyright (c) 1999-2008 LSI Corporation
[   10.252132] AVX version of gcm_enc/dec engaged.
[   10.259418] AES CTR mode by8 optimization enabled
[   10.271657] Fusion MPT SPI Host driver 3.04.20
[   10.477737] input: ImExPS/2 Generic Explorer Mouse as /devices/platform/i8042/serio1/input/input4
[   10.648558] e1000 0000:00:03.0 eth0: (PCI:33MHz:32-bit) 02:1f:97:0f:e2:73
[   10.674909] e1000 0000:00:03.0 eth0: Intel(R) PRO/1000 Network Connection
[   10.712501] mptbase: ioc0: Initiating bringup
[   10.722962] e1000 0000:00:03.0 enp0s3: renamed from eth0
[   10.783344] ioc0: LSI53C1030 A0: Capabilities={Initiator}
[   11.053944] scsi host2: ioc0: LSI53C1030 A0, FwRev=00000000h, Ports=1, MaxQ=256, IRQ=20
[   11.267870] scsi 2:0:0:0: Direct-Access     VBOX     HARDDISK         1.0  PQ: 0 ANSI: 5
[   11.389326] scsi target2:0:0: Beginning Domain Validation
[   11.425560] scsi target2:0:0: Domain Validation skipping write tests
[   11.457071] scsi target2:0:0: Ending Domain Validation
[   11.467476] scsi target2:0:0: asynchronous
[   11.475781] scsi 2:0:1:0: Direct-Access     VBOX     HARDDISK         1.0  PQ: 0 ANSI: 5
[   11.516960] scsi target2:0:1: Beginning Domain Validation
[   11.550234] scsi target2:0:1: Domain Validation skipping write tests
[   11.563302] scsi target2:0:1: Ending Domain Validation
[   11.569009] scsi target2:0:1: asynchronous
[   11.590432] sd 2:0:0:0: [sda] 20971520 512-byte logical blocks: (10.7 GB/10.0 GiB)
[   11.593533] sd 2:0:0:0: Attached scsi generic sg0 type 0
[   11.594559] sd 2:0:0:0: [sda] Write Protect is off
[   11.595908] sd 2:0:0:0: [sda] Incomplete mode parameter data
[   11.597166] sd 2:0:0:0: [sda] Assuming drive cache: write through
[   11.657020] sd 2:0:1:0: Attached scsi generic sg1 type 0
[   11.657043] sd 2:0:1:0: [sdb] 20480 512-byte logical blocks: (10.5 MB/10.0 MiB)
[   11.677293] sd 2:0:1:0: [sdb] Write Protect is off
[   11.678786] sd 2:0:1:0: [sdb] Incomplete mode parameter data
[   11.681178] sd 2:0:1:0: [sdb] Assuming drive cache: write through
[   11.685213]  sda: sda1
[   11.697715] sd 2:0:1:0: [sdb] Attached SCSI disk
[   11.704052] sd 2:0:0:0: [sda] Attached SCSI disk
[   13.199466] floppy0: no floppy controllers found
Begin: Loading e[   14.685359] md: linear personality registered for level -1
ssential drivers[   14.744132] md: multipath personality registered for level -4
 ... [   14.787232] md: raid0 personality registered for level 0
[   14.807814] md: raid1 personality registered for level 1
[   14.890873] raid6: sse2x1   gen()  5916 MB/s
[   15.002966] raid6: sse2x1   xor()  4285 MB/s
[   15.091364] raid6: sse2x2   gen()  8942 MB/s
[   15.214630] raid6: sse2x2   xor()  6144 MB/s
[   15.294737] raid6: sse2x4   gen() 10786 MB/s
[   15.394753] raid6: sse2x4   xor()  7235 MB/s
[   15.430248] raid6: using algorithm sse2x4 gen() 10786 MB/s
[   15.455599] raid6: .... xor() 7235 MB/s, rmw enabled
[   15.459507] raid6: using ssse3x2 recovery algorithm
[   15.464907] xor: automatically using best checksumming function:
[   15.534751]    avx       : 17140.000 MB/sec
[   15.545879] async_tx: api initialized (async)
[   15.564218] md: raid6 personality registered for level 6
[   15.583509] md: raid5 personality registered for level 5
[   15.584662] md: raid4 personality registered for level 4
[   15.591803] md: raid10 personality registered for level 10
done.
Begin: Running /scripts/init-premount ... done.
Begin: Mounting root file sys[   15.683994] Btrfs loaded
tem ... Begin: Running /scripts/local-top ... done.
Begin: Running /scripts/local-premount ... Scanning for Btrfs filesystems
done.
Warning: fsck no[   15.753963] EXT4-fs (sda1): mounted filesystem with ordered data mode. Opts: (null)
t present, so skipping root file system
done.
Begin: Running /scripts/local-bottom ... done.
Begin: Running /scripts/init-bottom ... done.
[   15.995726] systemd[1]: systemd 229 running in system mode. (+PAM +AUDIT +SELINUX +IMA +APPARMOR +SMACK +SYSVINIT +UTMP +LIBCRYPTSETUP +GCRYPT +GNUTLS +ACL +XZ -LZ4 +SECCOMP +BLKID +ELFUTILS +KMOD -IDN)
[   16.097810] systemd[1]: Detected virtualization oracle.
[   16.117979] systemd[1]: Detected architecture x86-64.

Welcome to [1mUbuntu 16.04.2 LTS[0m!

[   16.200013] systemd[1]: Set hostname to <ubuntu>.
[   16.205486] systemd[1]: Initializing machine ID from random generator.
[   16.211857] systemd[1]: Installed transient /etc/machine-id file.
[   16.485175] systemd[1]: Created slice System Slice.
[[0;32m  OK  [0m] Created slice System Slice.
[   16.498918] systemd[1]: Started Forward Password Requests to Wall Directory Watch.
[[0;32m  OK  [0m] Started Forward Password Requests to Wall Directory Watch.
[   16.533216] systemd[1]: Listening on LVM2 metadata daemon socket.
[[0;32m  OK  [0m] Listening on LVM2 metadata daemon socket.
[   16.552201] systemd[1]: Listening on /dev/initctl Compatibility Named Pipe.
[[0;32m  OK  [0m] Listening on /dev/initctl Compatibility Named Pipe.
[   16.563623] systemd[1]: Started Trigger resolvconf update for networkd DNS.
[[0;32m  OK  [0m] Started Trigger resolvconf update for networkd DNS.
[   16.580908] systemd[1]: Listening on Syslog Socket.
[[0;32m  OK  [0m] Listening on Syslog Socket.
[   16.625260] systemd[1]: Created slice User and Session Slice.
[[0;32m  OK  [0m] Created slice User and Session Slice.
[   16.783955] systemd[1]: Listening on Device-mapper event daemon FIFOs.
[[0;32m  OK  [0m] Listening on Device-mapper event daemon FIFOs.
[   16.887678] systemd[1]: Created slice system-serial\x2dgetty.slice.
[[0;32m  OK  [0m] Created slice system-serial\x2dgetty.slice.
[   17.067259] systemd[1]: Reached target Swap.
[[0;32m  OK  [0m] Reached target Swap.
[   17.194910] systemd[1]: Reached target Slices.
[[0;32m  OK  [0m] Reached target Slices.
[   17.295377] systemd[1]: Set up automount Arbitrary Executable File Formats File System Automount Point.
[[0;32m  OK  [0m] Set up automount Arbitrary Executab...ats File System Automount Point.
[   17.599035] systemd[1]: Reached target Encrypted Volumes.
[[0;32m  OK  [0m] Reached target Encrypted Volumes.
[   17.751547] systemd[1]: Listening on udev Kernel Socket.
[[0;32m  OK  [0m] Listening on udev Kernel Socket.
[   17.903080] systemd[1]: Listening on LVM2 poll daemon socket.
[[0;32m  OK  [0m] Listening on LVM2 poll daemon socket.
[   18.047395] systemd[1]: Listening on udev Control Socket.
[[0;32m  OK  [0m] Listening on udev Control Socket.
[   18.227278] systemd[1]: Listening on Journal Socket (/dev/log).
[[0;32m  OK  [0m] Listening on Journal Socket (/dev/log).
[   18.410997] systemd[1]: Listening on Journal Audit Socket.
[   18.432593] random: nonblocking pool is initialized
[[0;32m  OK  [0m] Listening on Journal Audit Socket.
[   18.607678] systemd[1]: Reached target User and Group Name Lookups.
[[0;32m  OK  [0m] Reached target User and Group Name Lookups.
[   18.807509] systemd[1]: Listening on Journal Socket.
[[0;32m  OK  [0m] Listening on Journal Socket.
[   18.931493] systemd[1]: Mounting POSIX Message Queue File System...
         Mounting POSIX Message Queue File System...
[   19.035192] systemd[1]: Mounting Debug File System...
         Mounting Debug File System...
[   19.159495] systemd[1]: Starting Journal Service...
         Starting Journal Service...
[   19.233765] systemd[1]: Starting Set console keymap...
         Starting Set console keymap...
[   19.331655] systemd[1]: Starting Uncomplicated firewall...
         Starting Uncomplicated firewall...
[   19.443223] systemd[1]: Starting Load Kernel Modules...
         Starting Load Ke[   19.490708] Loading iSCSI transport class v2.0-870.
rnel Modules...
[   19.508969] systemd[1]: Starting Create list of required static device nodes for the current kernel...
         Starting Create [   19.648100] iscsi: registered transport (tcp)
list of required st... nodes for[   19.738579] iscsi: registered transport (iser)
 the current kernel...
[   19.795065] systemd[1]: Starting Nameserver information manager...
         Starting Nameserver information manager...
[   19.871040] systemd[1]: Mounting Huge Pages File System...
         Mounting Huge Pages File System...
[   19.994992] systemd[1]: Starting Monitoring of LVM2 mirrors, snapshots etc. using dmeventd or progress polling...
         Starting Monitoring of LVM2 mirrors... dmeventd or progress polling...
[   20.194951] systemd[1]: Starting Remount Root and Kernel File Systems...
[   20.198443] EXT4-fs (sda1): re-mounted. Opts: (null)
         Starting Remount Root and Kernel File Systems...
[   20.416067] systemd[1]: Mounted POSIX Message Queue File System.
[[0;32m  OK  [0m] Mounted POSIX Message Queue File System.
[   20.519155] systemd[1]: Mounted Huge Pages File System.
[[0;32m  OK  [0m] Mounted Huge Pages File System.
[   20.559847] systemd[1]: Mounted Debug File System.
[[0;32m  OK  [0m] Mounted Debug File System.
[   20.715107] systemd[1]: Started Journal Service.
[[0;32m  OK  [0m] Started Journal Service.
[[0;32m  OK  [0m] Started Set console keymap.
[[0;32m  OK  [0m] Started Uncomplicated firewall.
[[0;32m  OK  [0m] Started Load Kernel Modules.
[[0;32m  OK  [0m] Started Create list of required sta...ce nodes for the current kernel.
[[0;32m  OK  [0m] Started Remount Root and Kernel File Systems.
[[0;32m  OK  [0m] Started Nameserver information manager.
[[0;32m  OK  [0m] Started LVM2 metadata daemon.
         Starting udev Coldplug all Devices...
         Starting Initial cloud-init job (pre-networking)...
         Starting Load/Save Random Seed...
         Starting Create Static Device Nodes in /dev...
         Mounting FUSE Control File System...
         Starting Apply Kernel Variables...
         Starting Flush Journal to Persistent Storage...
[[0;32m  OK  [0m] Mounted FUSE Control File System.
[[0;32m  OK  [0m] Started Monitoring of LVM2 mirrors,...ng dmeventd or progress polling.
[[0;32m  OK  [0m] Started Load/Save Random Seed.
[[0;32m  OK  [0m] Started Create Static Device Nodes in /dev.
[[0;32m  OK  [0m] Started Apply Kernel Variables.
[[0;32m  OK  [0m] Started udev Coldplug all Devices.
[[0;32m  OK  [0m] Started Flush Journal to Persistent Storage.
         Starting udev Kernel Device Manager...
[[0;32m  OK  [0m] Started udev Kernel Device Manager.
[[0;32m  OK  [0m] Reached target Local File Systems (Pre).
[[0;32m  OK  [0m] Reached target Local File Systems.
         Starting Set console font and keymap...
         Starting Commit a transient machine-id on disk...
         Starting Create Volatile Files and Directories...
         Starting Tell Plymouth To Write Out Runtime Data...
         Starting LSB: AppArmor initialization...
[[0;32m  OK  [0m] Started Dispatch Password Requests to Console Directory Watch.
[[0;32m  OK  [0m] Started Commit a transient machine-id on disk.
[[0;32m  OK  [0m] Started Create Volatile Files and Directories.
[[0;32m  OK  [0m] Started Set console font and keymap.
[   18.252557] cloud-init[445]: Cloud-init v. 0.7.9 running 'init-local' at Sat, 10 Jun 2017 23:57:12 +0000. Up 17.83 seconds.
[[0;32m  OK  [0m] Started Tell Plymouth To Write Out Runtime Data.
[[0;32m  OK  [0m] Started Initial cloud-init job (pre-networking).
[[0;32m  OK  [0m] Found device /dev/ttyS0.
[[0;32m  OK  [0m] Listening on Load/Save RF Kill Switch Status /dev/rfkill Watch.
[[0;32m  OK  [0m] Reached target Network (Pre).
[[0;32m  OK  [0m] Created slice system-getty.slice.
[[0;32m  OK  [0m] Reached target System Time Synchronized.
         Starting Update UTMP about System Boot/Shutdown...
[[0;32m  OK  [0m] Started Update UTMP about System Boot/Shutdown.
[[0;32m  OK  [0m] Started LSB: AppArmor initialization.
         Starting Raise network interfaces...
[[0;32m  OK  [0m] Started Raise network interfaces.
         Starting Initial cloud-init job (metadata service crawler)...
[[0;32m  OK  [0m] Reached target Network.
[   21.923434] cloud-init[912]: Cloud-init v. 0.7.9 running 'init' at Sat, 10 Jun 2017 23:57:15 +0000. Up 21.35 seconds.
[   22.054179] cloud-init[912]: ci-info: +++++++++++++++++++++++++++++++++++++Net device info++++++++++++++++++++++++++++++++++++++
[   22.172855] cloud-init[912]: ci-info: +--------+------+----------------------------+---------------+-------+-------------------+
[[0;32m  OK  [0m] Started Initial cloud-init job (metadata service crawler).
[[0;32m  OK  [0m] Reached target Network is Online.
[   22.199127] cloud-init[912]: ci-info: | Device |  Up  |          Address           |      Mask     | Scope |     Hw-Address    |
[   22.396876]          cloud-initStarting iSCSI initiator daemon (iscsid)...[912]: 
ci-info: +--------+------+----------------------------+---------------+-------+-------------------+
[   22.525412] [cloud-init[0;32m  OK  [0m] Reached target Cloud-config availability.
[912]: ci-info: |   lo   | True |         127.0.0.1          |   255.0.0.0   |   .   |         .         |
[   22.672810] [cloud-init[0;32m  OK  [0m[912]: ] ci-info: |   lo   | True |          ::1/128           |       .       |  host |         .         |Reached target System Initialization.

[   22.734309]          cloud-initStarting Socket activation for snappy daemon.[912]: 
ci-info: | enp0s3 | True |         10.0.2.15          | 255.255.255.0 |   .   | 02:1f:97:0f:e2:73 |
[   22.920662] [cloud-init[0;32m  OK  [0m[912]: ] ci-info: | enp0s3 | True | fe80::1f:97ff:fe0f:e273/64 |       .       |  link | 02:1f:97:0f:e2:73 |Listening on D-Bus System Message Bus Socket.

[   23.072937] [cloud-init[0;32m  OK  [0m[912]: ] ci-info: +--------+------+----------------------------+---------------+-------+-------------------+Started Daily apt activities.

[   23.073465] cloud-init[912]: ci-info: +++++++++++++++++++++++++++Route IPv4 info++++++++++++++++++++++++++++
[   23.253913] [cloud-init[0;32m  OK  [0m[912]: ] ci-info: +-------+-------------+----------+---------------+-----------+-------+Started ACPI Events Check.

[[0;32m  OK  [0m] Reached target Paths.
[[0;32m  OK  [0m] Started Timer to automatically refresh installed snaps.
[   23.254465] cloud-init[912]: ci-info: | Route | Destination | Gateway  |    Genmask    | Interface | Flags |
[   23.384165] [cloud-init[0;32m  OK  [0m[912]: ] ci-info: +-------+-------------+----------+---------------+-----------+-------+Started Daily Cleanup of Temporary Directories.

[[0;32m  OK  [0m] Reached target Timers.
[   23.384615] cloud-init[912]: ci-info: |   0   |   0.0.0.0   | 10.0.2.2 |    0.0.0.0    |   enp0s3  |   UG  |
[   23.528412]          cloud-initStarting LXD - unix socket.[912]: 
ci-info: |   1   |   10.0.2.0  | 0.0.0.0  | 255.255.255.0 |   enp0s3  |   U   |
[   23.587020] [cloud-init[0;32m  OK  [0m[912]: ] ci-info: +-------+-------------+----------+---------------+-----------+-------+Listening on UUID daemon activation socket.

[[0;32m  OK  [0m] Listening on ACPID Listen Socket.
[   23.587885] cloud-init[912]: Generating public/private rsa key pair.
[   23.776446] [cloud-init[0;32m  OK  [0m[912]: ] Your identification has been saved in /etc/ssh/ssh_host_rsa_key.Listening on Socket activation for snappy daemon.

[[0;32m  OK  [0m] Listening on LXD - unix socket.
[[0;32m  OK  [0m] Started iSCSI initiator daemon (iscsid).
[   23.777057] cloud-init[912]: Your public key has been saved in /etc/ssh/ssh_host_rsa_key.pub.
[   23.973551]          cloud-initStarting Login to default iSCSI targets...[912]: 
The key fingerprint is:
[   24.028375] [cloud-init[0;32m  OK  [0m[912]: ] SHA256:ZutoNv4vASwkkZr3s3yNas8O+qyrFwsNDFoJH495Nvg root@ubuntu-xenialReached target Sockets.

[   24.112484] [cloud-init[0;32m  OK  [0m[912]: ] The key's randomart image is:Reached target Basic System.

[   24.113125] cloud-init[912]: +---[RSA 2048]----+
[   24.196477] [cloud-init[0;32m  OK  [0m[912]: ] |..o+             |Started FUSE filesystem for LXC.

[   24.197105] cloud-init[912]: |..=*.            |
[   24.300399]          cloud-initStarting Login Service...[912]: 
|++=o=.           |
[[0;32m  OK  [0m] Started Deferred execution scheduler.
[   24.330926] cloud-init[912]: |=..+..o          |
[   24.380371] cloud-init[912]: | + .E. .S        |
[   24.400414] cloud-init[912]: |. o o  o..       |
[[0;32m  OK  [0m] Started Regular background program processing daemon.
[   24.420878] cloud-init[912]: | . +.o o..       |
[   24.496550] cloud-init[912]: |  oo+o*oo        |
[   24.502247] cloud-init[912]: |.o+=+O*ooo.      |
[[0;32m  OK  [0m] Started ACPI event daemon.
[   24.516678] cloud-init[912]: +----[SHA256]-----+
[   24.569161] cloud-init[912]: Generating public/private dsa key pair.
[   24.600657] cloud-init[912]: Your identification has been saved in /etc/ssh/ssh_host_dsa_key.
[[0;32m  OK  [0m[   24.656335] cloud-init[912]: Your public key has been saved in /etc/ssh/ssh_host_dsa_key.pub.
[   24.656427] cloud-init[912]: The key fingerprint is:
[   24.656502] cloud-init[912]: SHA256:EcRgieH2T2Qp3KVp5naQ5zPRwb5+3QdBkj96Ctqq9lM root@ubuntu-xenial
[   24.656550] cloud-init[912]: The key's randomart image is:
[   24.656705] cloud-init[912]: +---[DSA 1024]----+
[   24.656763] cloud-init[912]: |    .oo=o ....   |
[   24.656811] cloud-init[912]: |   ..o...B .+..  |
[   24.656859] cloud-init[912]: |    o o & o..+   |
[   24.656909] cloud-init[912]: |   . . B = .. +  |
[   24.656957] cloud-init[912]: |      . S =  o o |
[   24.657033] cloud-init[912]: |       + .Eoo o  |
[   24.657082] cloud-init[912]: |        .+ o o o.|
[   24.657127] cloud-init[912]: |      . o . o . +|
[   24.657207] cloud-init[912]: |     ..ooo   .  .|
[   24.657257] cloud-init[912]: +----[SHA256]-----+
[   24.657303] cloud-init[912]: Generating public/private ecdsa key pair.
[   24.657344] cloud-init[912]: Your identification has been saved in /etc/ssh/ssh_host_ecdsa_key.
[   24.657391] cloud-init[912]: Your public key has been saved in /etc/ssh/ssh_host_ecdsa_key.pub.
[   24.657495] cloud-init[912]: The key fingerprint is:
[   24.657554] cloud-init[912]: SHA256:aBwjv5b9nS45fDuol4Olmit+x3RecBwnzdPmOaGJLns root@ubuntu-xenial
[   24.657606] cloud-init[912]: The key's randomart image is:
[   24.657656] cloud-init[912]: +---[ECDSA 256]---+
[   24.657702] cloud-init[912]: |             o . |
[   24.657802] cloud-init[912]: |            o =.o|
[   24.657857] cloud-init[912]: |    . o    ..+o+o|
[   24.657904] cloud-init[912]: |     + +  ..oo o.|
[   24.658004] cloud-init[912]: |      = S .o    .|
[   24.658073] cloud-init[912]: |     . +..o..    |
[   24.658116] cloud-init[912]: |      +o.Bo=     |
[   24.658163] cloud-init[912]: |    ....=o@Eo.   |
[   24.658209] cloud-init[912]: |   ..o++.oo*=o   |
[   24.658249] cloud-init[912]: +----[SHA256]-----+
[   24.658304] cloud-init[912]: Generating public/private ed25519 key pair.
[   24.658348] cloud-init[912]: Your identification has been saved in /etc/ssh/ssh_host_ed25519_key.
[   24.658395] cloud-init[912]: Your public key has been saved in /etc/ssh/ssh_host_ed25519_key.pub.
[   24.658425] cloud-init[912]: The key fingerprint is:
[   24.658458] cloud-init[912]: SHA256:Rar1/IbJGuce2wEgqLoF83bbAbwtwCZw+NRjlmkLT0w root@ubuntu-xenial
[   24.658510] cloud-init[912]: The key's randomart image is:
[   24.658580] cloud-init[912]: +--[ED25519 256]--+
[   24.658628] cloud-init[912]: |    E     .      |
[   24.658666] cloud-init[912]: | . + +   o       |
[   24.658782] cloud-init[912]: |o + % . + .      |
[   24.658847] cloud-init[912]: |.= X o + =       |
[   24.658897] cloud-init[912]: |+ * = . S +      |
[   24.658940] cloud-init[912]: | B . +   . =     |
[   24.658988] cloud-init[912]: |. + + o . * +    |
[   24.659032] cloud-init[912]: | + . + . = = .   |
[   24.659486] cloud-init[912]: |.   . . ..+ .    |
[   24.659653] cloud-init[912]: +----[SHA256]-----+
] Started D-Bus System Message Bus.
         Starting LSB: MD monitoring daemon...
         Starting /etc/rc.local Compatibility...
         Starting LXD - container startup/shutdown...
         Starting Accounts Service...
         Starting LSB: Record successful boot for GRUB...
         Starting Pollinate to seed the pseudo random number generator...
         Starting System Logging Service...
         Starting Apply the settings specified in cloud-config...
[[0;32m  OK  [0m] Started Unattended Upgrades Shutdown.
[[0;32m  OK  [0m] Started Snappy daemon.
         Starting Auto import assertions from block devices...
[[0;32m  OK  [0m] Started System Logging Service.
[[0;32m  OK  [0m] Started /etc/rc.local Compatibility.
[[0;32m  OK  [0m] Started LXD - container startup/shutdown.
[[0;32m  OK  [0m] Started Auto import assertions from block devices.
[[0;32m  OK  [0m] Started Login to default iSCSI targets.
[[0;32m  OK  [0m] Started LSB: MD monitoring daemon.
[[0;32m  OK  [0m] Started LSB: Record successful boot for GRUB.
[[0;32m  OK  [0m] Started Login Service.
         Starting Authenticate and Authorize Users to Run Privileged Tasks...
[[0;32m  OK  [0m] Reached target Remote File Systems (Pre).
[[0;32m  OK  [0m] Reached target Remote File Systems.
         Starting LSB: automatic crash report generation...
         Starting LSB: VirtualBox Linux Additions...
         Starting LSB: Set the CPU Frequency Scaling governor to "ondemand"...
         Starting LSB: daemon to balance interrupts for SMP systems...
         Starting Permit User Sessions...
[[0;32m  OK  [0m] Started Authenticate and Authorize Users to Run Privileged Tasks.
[[0;32m  OK  [0m] Started Permit User Sessions.
[[0;32m  OK  [0m] Started Accounts Service.
         Starting Terminate Plymouth Boot Screen...
         Starting Hold until boot process finishes up...
[[0;32m  OK  [0m] Started LSB: automatic crash report generation.
[[0;32m  OK  [0m] Started LSB: VirtualBox Linux Additions.
[   26.835561] cloud-init[1082]: Generating locales (this might take a while)...
[[0;32m  OK  [0m] Started LSB: Set the CPU Frequency Scaling governor to "ondemand".
[[0;32m  OK  [0m] Started LSB: daemon to balance interrupts for SMP systems.
[[0;32m  OK  [0m] Started Terminate Plymouth Boot Screen.
[[0;32m  OK  [0m] Started Hold until boot process finishes up.
[[0;32m  OK  [0m] Started Serial Getty on ttyS0.
         Starting Set console scheme...
[[0;32m  OK  [0m] Started Getty on tty1.
[[0;32m  OK  [0m] Reached target Login Prompts.
[[0;32m  OK  [0m] Started Pollinate to seed the pseudo random number generator.
[[0;32m  OK  [0m] Started Set console scheme.
         Starting OpenBSD Secure Shell server...
[[0;32m  OK  [0m] Started OpenBSD Secure Shell server.
[[0;32m  OK  [0m] Reached target Multi-User System.
[[0;32m  OK  [0m] Reached target Graphical Interface.
         Starting Update UTMP about System Runlevel Changes...
[[0;32m  OK  [0m] Started Update UTMP about System Runlevel Changes.
[   28.099700] cloud-init[1082]:   en_US.UTF-8... done
[   28.120517] cloud-init[1082]: Generation complete.
         Stopping OpenBSD Secure Shell server...
[[0;32m  OK  [0m] Stopped OpenBSD Secure Shell server.
         Starting OpenBSD Secure Shell server...
[[0;32m  OK  [0m] Started OpenBSD Secure Shell server.
[[0;32m  OK  [0m] Created slice User Slice of ubuntu.
         Starting User Manager for UID 1000...
[[0;32m  OK  [0m] Started User Manager for UID 1000.
[   28.615305] cloud-init[1082]: Cloud-init v. 0.7.9 running 'modules:config' at Sat, 10 Jun 2017 23:57:21 +0000. Up 26.59 seconds.
[[0;32m  OK  [0m] Started Session 1 of user ubuntu.
[[0;32m  OK  [0m] Started Apply the settings specified in cloud-config.
         Starting Execute cloud user/final scripts...
ci-info: no authorized ssh keys fingerprints found for user ubuntu.
<14>Jun 10 23:57:24 ec2: 
<14>Jun 10 23:57:24 ec2: #############################################################
<14>Jun 10 23:57:24 ec2: -----BEGIN SSH HOST KEY FINGERPRINTS-----
<14>Jun 10 23:57:24 ec2: 1024 SHA256:EcRgieH2T2Qp3KVp5naQ5zPRwb5+3QdBkj96Ctqq9lM root@ubuntu-xenial (DSA)
<14>Jun 10 23:57:24 ec2: 256 SHA256:aBwjv5b9nS45fDuol4Olmit+x3RecBwnzdPmOaGJLns root@ubuntu-xenial (ECDSA)
<14>Jun 10 23:57:24 ec2: 256 SHA256:Rar1/IbJGuce2wEgqLoF83bbAbwtwCZw+NRjlmkLT0w root@ubuntu-xenial (ED25519)
<14>Jun 10 23:57:24 ec2: 2048 SHA256:ZutoNv4vASwkkZr3s3yNas8O+qyrFwsNDFoJH495Nvg root@ubuntu-xenial (RSA)
<14>Jun 10 23:57:24 ec2: -----END SSH HOST KEY FINGERPRINTS-----
<14>Jun 10 23:57:24 ec2: #############################################################
-----BEGIN SSH HOST KEY KEYS-----
ecdsa-sha2-nistp256 AAAAE2VjZHNhLXNoYTItbmlzdHAyNTYAAAAIbmlzdHAyNTYAAABBBG7AMC2ibxu6ShYEL84OJgE/HrT85qgXCgcctvHsC3bd11SlqR+4wkA2wzdW4C64H/nX9L9SbP3MiMiz2ahFuSk= root@ubuntu-xenial
ssh-ed25519 AAAAC3NzaC1lZDI1NTE5AAAAICiMZbYejGGuAm8M0dL2Hntv8hQzDPs3/fgBpve+XMtq root@ubuntu-xenial
ssh-rsa AAAAB3NzaC1yc2EAAAADAQABAAABAQC3Qskv0t+9IZaewaW34ykwf7dGC8CrHkA9dkaQZynP8UmPRMVlf+z6gOX8D3A0GDATVu5DvQBTqxw0+Czx3cva8gKagQFLKChoav6YnnfUE6+2SHVI4W92aZKzAsf3q1WShrXZ1MCy7OhAfJfduUE1OCDBsa14JDKM6OtwrWI4kvPedgiVQJe/7O+ZsgHDAFvC+1efTMod6nkRDbuMub8kc+SybMNSWyKk2hg4eTMys+16+r+cbJ8rxH417Z0zmfFyYcbsYPsGr4TrHnbbODT1KkyqPa4wokyCB6u0dkw6OOwzWbpsjpMOQc7o3wUn3kTTC/YyglX6pT4xEOaYN0BR root@ubuntu-xenial
-----END SSH HOST KEY KEYS-----
[   30.011072] cloud-init[1314]: Cloud-init v. 0.7.9 running 'modules:final' at Sat, 10 Jun 2017 23:57:24 +0000. Up 29.53 seconds.
[   30.021568] cloud-init[1314]: ci-info: no authorized ssh keys fingerprints found for user ubuntu.
[   30.060883] cloud-init[1314]: Cloud-init v. 0.7.9 finished at Sat, 10 Jun 2017 23:57:24 +0000. Datasource DataSourceNoCloud [seed=/dev/sdb][dsmode=net].  Up 29.99 seconds
[[0;32m  OK  [0m] Started Execute cloud user/final scripts.
[[0;32m  OK  [0m] Reached target Cloud-init target.

Ubuntu 16.04.2 LTS ubuntu-xenial ttyS0

ubuntu-xenial login: 