[    0.000000] Iitlizi croup sbs cpuset
[   0.0000] Itializing cgroup subsys cpu
[    0.000000] Initializing cgroup subsys cpuacct
[    0.000000] Linux version 4.4.0-36-generic (buildd@lcy01-01) (gcc version 5.4.0 20160609 (Ubuntu 5.4.0-6ubuntu1~16.04.2) ) #55-Ubuntu SMP Thu Aug 11 18:01:55 UTC 2016 (Ubuntu 4.4.0-36.55-generic 4.4.16)
[    0.000000]ommandli: BOOT_IMAGE=/boot/vmlinuz-4.4.0-36-generic root=LABEL=cloudimg-rootfs ro consoe=y1 console=ttyS0
[    0.000000] KERNEL supported cpus:
[    0.000000]   Intel GenuineIntel
[    0.000000]   AMD AuthenticAMD
[    0.000000]   Centaur CentaurHauls
[    0.000000] x86/fpu: xstate_offset[2]:  576, xstate_sizes[2]:  256
[    0.000000] x86/fpu: Supporting XSAVE feature 0x01: 'x87 floating point registers'
[    0.000000] x86/fpu: Supporting XSAVE feature 0x02: 'SSE registers'
[    0.000000] x86/fpu: Supporting XSAVE feature 0x04: 'AVX registers'
[    0.000000] x86/fpu: Enaedxstate features 0x7, context size is 832 bytes, using 'standard' format.
[    0.000000] x86/fpu: Using 'lazy' FPU context switches.
[    0.000000] e820: BIOS-provided physical RAM map:
[  00000] BIO-e820 [em 0x0000000000000000-0x000000000009fbff] usable
[    0.000000] BIOS-e820: [mem 00000000009fc00-0x000000000009ffff] reserved
[    0.000000] BIOS-e820: em0x00000000000f0000-0x00000000000fffff] reserved
[   000000] BIOS-e820: [mem 0x0000000000100000-0x000000003ffeffff] usable
[    0.000000] BIOS-e820: [me 0000003fff0000-0x000000003fffffff] ACPI data
[    .000000BIOS-e82: [mm 00000000ec000-x000000fe00f] reerd
[  0.00000] BOSe820[mem 0x00000fe0000-x00000000fe0fff]reservd
[    0.0000] BIOS-e820:[mem x00000000fffc0000-0x00000000ffffffff] reserved
[    0.000000] NX (Eecte Dsale)prottion: active
[    0.000000] MBIOS 2.5 present.
[    0.000000] Hypervisor detected: KVM
[    0.000000] e820: last_pfn = 0x3fff0 max_arch_pfn = 0x40000000
[    0.000000] x8PAT:onfiguration [0-7]: WB  WC  C- UCWB  WC  UC- WT  
[    0.000000] MTRR: Disabled
[    0.000000] CPU MTRRs all blank - virtualizeed sytem.
[    0.000000] found SMP MP-table at [mem 0x0009fff0-0x0009ffff] mapped at [ffff88000009fff0]
[    0.000000] Scanning 1 areas for low memory corruption
[    0.000000] RAMDISK: [mem 0x371b6000-0x378d2fff]
[    0.000000] ACPI: Early table hecksum verification disabled
[    0.000000] ACPI: RSDP 0x00000000000E0000 000024 (v02 VBOX  )
[    0.000000] ACPI: XSDT 0x000000003FFF0030 003C (v01 VBOX   VBOXXSDT 00000001 ASL  00000061)
[    0.000000] ACPI: FACP 0x000000003FFF00F0 0000F4 (v04 VBOX   VBOXFACP 00000001 ASL  00000061)
[    0.000000] ACPI: DSDT 0x000000003FFF0470 00210F (v01 VBOX   VBOXBIOS 00000002 INTL 20100528)
[    0.000000] ACPI: FACS 0x000000003FFF0200 000040
[    0.000000] ACPI: FACS 0x000000003FFF0200 000040
[    0.000000] ACPI: APIC 0x000000003FFF0240 00005C (v02 VBOX   VBOXAPIC 00000001 ASL  00000061)
[    0.000000] ACPI: SSDT 0x000000003FFF02A0 0001CC (v01 VBOX   VBOXCPUT 00000002 INTL 010528)
[    0.000000] No NUMA configuration found
[    0.000000] Faking a node at [mem 0x0000000000000000-0x000000003ffeffff]
[    0.000000] NODE_DATA(0) allocated [mem 0x3ffeb000-0x3ffeffff]
[    0.000000] kvm-clock: Using msrrs 4b564d01 and 4b564d00
[    0.000000] kvm-clock: cpu 0, msr 0:3ffe7001, primary cpu clock
[    0.000000] kvm-clock: using sched offset of 3257982410 cycles
[    0.000000] clocksource: kvm-clock: mask: 0xffffffffffffffff max_cycles: 0x1cd42e4dffb, max_idle_ns: 881590591483 ns
[    0.000000] Zone ranges:
[    0.000000]   DMA      [mem 0x0000000000001000-0000000000ffffff]
[    0.000000]   DMA32    [mem 0x0000000001000000-0x0000000003ffefff]
[    0.000000]   Normal   empty
[    0.000000]   Device   empty
[    0.000000] Movable zone start for each node
[    0.000000] Early memory node ranges
[    0.000000]   node   0: [mem 0x0000000000001000-0x000000000009efff]
[    0.000000]   node   0: [mem 0x0000000000100000-0x000000003ffeffff]
[    0.000000] Initmem setup node 0 [mem 0x0000000000001000-0x000000003ffeffff]
[    0.000000] ACPI: PM-Timer IO Port: 0x4008
[    0.000000] IOAPIC[0]: apic_id 2, version 32, address 0xfec00000, GSI 0-23
[    0.000000] ACPI: INT_SRC_OVR (bus 0 bus_irq 0 global_irq 2 dfl dfl)
[    0.000000] ACPI: INT_SRC_OVR (bus 0 bus_irq 9 global_irq 9 highleel)
[   0.0000] sig ACPI (MADT) for SMP configuration information
[    0.000000] smpboot: Allowing 2 CPUs, 0 hotplug CPUs
[    0.000000] PM: Registered nosave memory: [mem 0x00000000-0x00000fff]
[    0.000000] PM: Registered nosave memory: [mem 0x0009f000-0x0009ffff]
[    0.000000] PM: Registered nosave memory: [mem 0x000a0000-0x000effff]
[    0.000000] PM: Registered nosave memory: [mem 0x000f0000-0x000fffff]
[    0.000000] e820: [mem 0x40000000-0xfebfffff] available for PCI devices
[    0.000000] Booting paravirtualized kernel on KVM
[    0.000000] clocksoure: refined-jiffies: mask: 0ffffffff max_cycles: 0xffffffff, max_idle_ns: 7645519600211568 ns
[    0.000000] setup_percpu: NR_CPUS:256 nr_cpumask_bits:256 nr_cpu_ids:2 nr_node_ids:1
[    0.000000] PERCPU: Embedded 33 pages/cpu @ffff88003fc00000 s98008 r8192 d28968 u1048576
[    0.000000] PV qspinlock ash table entries: 26 (order: 0, 4096 bytes)
[    0.000000]Built 1 zonelists inNoe order, mobility gruping on.  Total pages: 257913
[    0.000000] Policy zone: DMA32
[    0.000000] Kernel command line: BOOT_IMAGE=/boot/vmlinuz-4.4.0-36-generic oot=LABEL=cloudimg-rotfs ro console=tty1 console=ttyS0
[    0.000000] PID hash table entries: 4096 (order: 3, 32768 bytes)
[    0.000000 Memory: 1005356K/1048120 available (8394K kernel code, 1282rwata, 3944K rodata,  180init, 192K bss, 42764K reserved, 0K cma-reserved)
[    0.000000] SLUB: HWalign=64, Order=0-3, MinObjects=0, CPUs=2, Nodes=1
[    0.000000] Hierarchical RCU implementation.
[   0.000000] 	Build-time adjustment of leaf fanout to 64.
[    0.000000] 	RCU restricting CPUs from NR_CPUS=256 to nr_cpu_ids=2.
[    0.000000] RCU: Adjusting geometry or rcu_fanout_leaf=64, nr_cpu_ids=2
[    0.000000] NRRQS:16640 nr_irqs:440 16
[    0.000000] Conse:ccolour VGA+ 80x25
[    0.000000] console [tty1] enabled
[    0.000000] console [ttyS0] enabled
[    0.000000] tsc: Detected 240.000 z processor
[    3.936988] Calibrating delay loop (skipped) preset value.. 4800.00 BogoMIPS (lpj=9600000)
[    3.949083] pid_max: default: 32768 minimum: 301
[    3.962334] ACPI: Core revision 20150930
[    3.964248] ACPI: 2 ACPI AML tables successfully acquired and loaded
[    3.965867] Security Framework initialized
[    3.970200] Yama: becoming mindful.
[    4.003670] AppArmor: AppArmor initialized
[    4.004996] Dentry cache hash table entries: 131072 (order: 8, 1048576 bytes)
[    4.012304] Inode-cache hash table entries: 65536 (order: 7, 524288 bytes)
[    4.015448] Mount-cache hash table entries: 2048 (order: 2, 16384 bytes)
[    4.020777] Mountpoint-cache hash table entries: 2048 (order: 2, 16384 bytes)
[    4.025037] Initializing cgroup subsys io
[    4.035801] Initializing cgroup subsys memory
[    4.052076] Initializing cgroup subsys devices
[    4.062700] Initializing cgroup subsys freezer
[    4.070643] Initializing cgroup subsys net_cls
[    4.090912] Initializing cgroup subsys perf_event
[    4.098708] Initializing cgroup subsys net_prio
[    4.111466] Initializing cgroup subsys hugetlb
[    4.126232] Initializing cgroup subsys pids
[    4.145751] CPU: Physical Processor ID: 0
[    4.146879] CPU: Processor Core ID: 0
[    4.151533] mce: CPU supports 0 MCE banks
[    4.159793] Last level iTLB entries: 4KB 1024, 2MB 1024, 4MB 1024
[    4.161984] Last level dTLB entries: 4KB 1024, 2MB 1024, 4MB 1024, 1GB 4
[    4.176091] Freeing SMP alternatives memory: 28K (ffffffff820b4000 - ffffffff820bb000)
[    4.239907] ftrace: allocating 31996 entries in 125 pages
[    4.332458] smpboot: Max logical packages: 1
[    4.355294] smpboot: APIC(0) Converting physical 0 to logical package 0
[    4.369760] x2apic enabled
[    4.382826] Switched APIC routing to physical x2apic.
[    4.390802] ..TIMER: vector=0x30 apic1=0 pin1=2 apic2=-1 pin2=-1
[    4.510491] smpboot: CPU0: Intel(R) Core(TM)5-4258U CPU @ 2.40GHz (family: 0x6, model: 0x45, stepping: 0x1)
[    4.600822] Performance Events: unsupported p6 CPU model 69 no PMU driver, software events only.
[    4.623526] KVM setup paravirtual spinlock
[    4.670057] x86: Booting SMP configuration:
[    4.740263] .... node  #0, CPUs:      #1
[    4.804009] kvm-clock: cpu 1, msr 0:3ffe7041, secondary cpu clock
[    4.835303] mce: CPU supports 0 MCE banks
[    4.844752] x86: Booted up 1 node, 2 CPUs
[    4.867684] smpboot: Total of 2 processors activated (9600.00 BogoMIPS)
[    4.929720] devtmpfs: initialized
[    4.933935] evm: security.selinux
[    4.966957] evm: security.SMACK64
[    4.996011] evm: security.SMACK64EXEC
[    5.011567] evm: security.SMACK64TRANSMUTE
[    5.012725] evm: security.SMACK64MMAP
[    5.014977] evm: security.ima
[    5.015947] evm: security.capability
[    5.028248] clocksource: jiffies: mask: 0xffffffff max_cycles: 0xffffffff, max_idle_ns: 7645041785100000 ns
[    5.054690] pinctrl core: initialized pinctrl subsystem
[    5.075270] RTC time:  6:44:12, date: 09/02/16
[    5.100688] NET: Registered protocol family 16
[    5.155144] cpuidle: using governor ladder
[    5.210643] cpuidle: using governor menu
[    5.219862] PCCT header not found.
[    5.233848] ACPI: bus type PCI registered
[    5.236236] acpiphp: ACPI Hot Plug PCI Controller Driver version: 0.5
[    5.282097] PCI: Using configuration type 1 for base access
[    5.315912] ACPI: Added _OSI(Module Device)
[    5.319585] ACPI: Added _OSI(Processor Device)
[    5.320876] ACPI: Added _OSI(3.0 _SCP Extensions)
[    5.322251] ACPI: Added _OSI(Processor Aggregator Device)
[    5.335312] ACPI: Executed 1 blocks of module-level executable AML code
[    5.377315] ACPI: Interpreter enabled
[    5.383625] ACPI Exception: AE_NOT_FOUND, While evaluating Sleep State [\_S1_] (20150930/hwxface-580)
[    5.402929] ACPI Exception: AE_NOT_FOUND, While evaluating Sleep State [\_S2_] (20150930/hwxface-580)
[    5.417255] ACPI Exception: AE_NOT_FOUND, While evaluating Sleep State [\_S3_] (20150930/hwxface-580)
[    5.422880] ACPI Exception: AE_NOT_FOUND, While evaluating Sleep State [\_S4_] (20150930/hwxface-580)
[    5.427389] ACPI: (supports S0 S5)
[    5.428661] ACPI: Using IOAPIC for interrupt routing
[    5.430466] PCI: Using host bridge windows from ACPI; if necessary, use "pci=nocrs" and report a bug
[    5.446076] ACPI: PCI Root Bridge [PCI0] (domain 0000 [bus 00-ff])
[    5.449979] acpi PNP0A03:00: _OSC: OS supports [ASPM ClockPM Segments MSI]
[    5.458616] acpi PNP0A03:00: _OSC failed (AE_NOT_FOUND); disabling ASPM
[    5.468299] acpi PNP0A03:00: fail to add MMCONFIG information, can't access extended PCI configuration space under this bridge.
[    5.484148] PCI host bridge to bus 0000:00
[    5.488411] pci_bus 0000:00: root bus resource [io  0x0000-0x0cf7 window]
[    5.494519] pci_bus 0000:00: root bus resource [io  0x0d00-0xffff window]
[    5.519402] pci_bus 0000:00: root bus resource [mem 0x000a0000-0x000bffff window]
[    5.566075] pci_bus 0000:00: root bus resource [mem 0x40000000-0xffdfffff window]
[    5.574065] pci_bus 0000:00: root bus resource [bus 00-ff]
[    5.578281] pci 0000:00:01.1: legacy IDE quirk: reg 0x10: [io  0x01f0-0x01f7]
[    5.579920] pci 0000:00:01.1: legacy IDE quirk: reg 0x14: [io  0x03f6]
[    5.598934] pci 0000:00:01.1: legacy IDE quirk: reg 0x18: [io  0x0170-0x0177]
[    5.602844] pci 0000:00:01.1: legacy IDE quirk: reg 0x1c: [io  0x0376]
[    5.677614] pci 0000:00:07.0: quirk: [io  0x4000-0x403f] claimed by PIIX4 ACPI
[    5.733960] pci 0000:00:07.0: quirk: [io  0x4100-0x410f] claimed by PIIX4 SMB
[    5.806836] ACPI: PCI Interrupt Link [LNKA] (IRQs 5 9 10 *11)
[    5.861733] ACPI: PCI Interrupt Link [LNKB] (IRQs 5 9 10 *11)
[    5.901878] ACPI: PCI Interrupt Link [LNKC] (IRQs 5 9 *10 11)
[    5.930846] ACPI: PCI Interrupt Link [LNKD] (IRQs 5 *9 10 11)
[    5.999690] ACPI: Enabled 2 GPEs in block 00 to 07
[    6.041840] vgaarb: setting as boot device: PCI:0000:00:02.0
[    6.094891] vgaarb: device added: PCI:0000:00:02.0,decodes=io+mem,owns=io+mem,locks=none
[    6.169001] vgaarb: loaded
[    6.197341] vgaarb: bridge control possible 0000:00:02.0
[    6.245904] SCSI subsystem initialized
[    6.290958] ACPI: bus type USB registered
[    6.322110] usbcore: registered new interface driver usbfs
[    6.362500] usbcore: registered new interface driver hub
[    6.395156] usbcore: registered new device driver usb
[    6.448384] PCI: Using ACPI for IRQ routing
[    6.472243] NetLabel: Initializing
[    6.519814] NetLabel:  domain hash size = 128
[    6.526234] NetLabel:  protocols = UNLABELED CIPSOv4
[    6.540349] NetLabel:  unlabeled traffic allowed by default
[    6.552528] amd_nb: Cannot enumerate AMD northbridges
[    6.562422] clocksource: Switched to clocksource kvm-clock
[    6.579588] ApArmor: AppArmor Filesyste Eabed[  6636]pn P AI it[  7384]np PP CP: found 3 devices
[    7.735064] clocksource: acpi_pm: mask: 0xffffff max_cycles: 0xffffff, max_idle_ns: 2085701024 ns
[    746417] NET: Registered potocol family 2

[    7.878733] TCP established hash table entries: 8192 (order: 4, 65536 bytes)
[  7.886655] TCP bind hash table entries: 8192 (order: 5, 131072 byes
[  8.2963 T: Hash tables configured (established 8192 bind 8192)
[    8.230988] UDP hash table entries: 512 (order: 2, 16384 byes
[   3252UDLie shable entries: 12 (order: 2, 16384 bytes)
[    8.739409] NET: Registered protocol family 1
[    8.740616] pci 0000:00:00.0: Limti dect PCI/PCI transfers
[    8.902500] ci0000:00:01.0: Activating ISA DMA hang workarounds

[    9.002956] Trying to unpack rootfs image as initramfs...
[   10.615697] Freeing initrd memory: 7284K (ffff8800371b6000 - ffff8800378d3000)
[   10.660969] RAPL PMU detected, API unit is 2^-32 Joules, 4 fixed counters 10737418240 ms ovfl timer
[   10.713950] hw unit of domain pp0-core 2^-0 Joules
[   10.726215] hw unit of domain package 2^-0 Joules
[   10.763124] hw unit of domain dram 2^-0 Joules
[   10.789414] hw unit of domain pp1-gpu 2^-0 Joules
[   10.709] atrmtcmo risre patrmTCevcenoPN device found)
[   11.696653] Scanning for low memory corruption every 60 seconds
[   11.705279] futex hash table entries: 512 (order: 3, 32768 bytes)
[   11.709683] audit: initializing netlink subsys (disabled)
[   11.715171] audit: type=2000 audit(1472798658.124:1): initialized
[   11.720397] Initialise system trusted keyring
[   11.728312] HugeTLB registered 2 MB page size, pre-allocated 0 pages
[   11.751110] zbud: loaded
[   11.772728] VFS: Disk quotas dquot_6.6.0
[   11.791364] tsc: Refined TSC clocksource calibration: 2398.817 MHz
[   11.791366] clocksource: tsc: mask: 0xffffffffffffffff max_cycles: 0x2293da1f6de, max_idle_ns: 440795322064 ns
[   12.011190] VFS: Dquot-cache hash table entries: 512 (order 0, 4096 bytes)
[   12.137622] squashfs: version 4.0 (2009/01/31) Phillip Lougher
[   12.188281] fuse init (API version 7.23)
[   12.261596] Key type big_key registered
[   12.320868] Allocating IMA MOK and blacklist keyrings.
[   12.350543] Key type asymmetric registered
[   12.375602] Asymmetric key parser 'x509' registered
[   12.399463] Block layer SCSI generic (bsg) driver version 0.4 loaded (major 249)
[   12.415211] io scheduler noop registered
[   12.416678] io scheduler deadline registered (default)
[   12.430936] io scheduler cfq registered
[   12.434426] pci_hotplug: PCI Hot Plug PCI Core version: 0.5
[   12.440333] pciehp: PCI Express Hot Plug Controller Driver version: 0.4
[   12.444392] ACPI: AC Adapter [AC] (on-line)
[   12.454688] input: Power Button as /devices/LNXSYSTM:00/LNXPWRBN:00/input/input0
[   12.463635] ACPI: Power Button [PWRF]
[   12.476897] input: Sleep Button as /devices/LNXSYSTM:00/LNXSLPBN:00/input/input1
[   12.495671] ACPI: Sleep Button [SLPF]
[   12.524981] GHES: HEST isnot enabled!
[  12.554337] API: Battery Slot [BAT0] (battery present)

[   12.705961] Serial: 8250/16550 driver, 32 ports, IRQ sharing enabled
[   12.738896] 00:02: ttyS0 at I/O 0x3f8 (irq = 4, base_baud = 115200) is a 16550A
[   12.765718] Linux agpgart interface v0.103
[   12.780138] brd: module loaded
[   12.788385] loop: module loaded
[   12.799792] scsi host0: ata_piix
[   12.803646] scsi host1: ata_piix
[   12.814223] ata1: PATA max UDMA/33 cmd 0x1f0 ctl 0x3f6 bmdma 0xd000 irq 14
[   12.820809] ata2: PATA max UDMA/33 cmd 0x170 ctl 0x376 bmdma 0xd008 irq 15
[   12.833739] libphy: Fixed MDI Bus: probe
[   12.952658] tun: Universal TN/AP device driver, 1.6
[ 13.071666] tun: (C) 1999-2004 Max ranynsky <maxk@qualcomm.com>

[   13.303603] PPP generic driver version 2.4.2
[   13.306642] ehci_hcd: USB 2.0 'Enhanced' Host Controller (EHCI) Driver
[   13.327870] ehci-pci: EHCI PCI platform driver
[   13.346979] ehci-platform: EHCI generic platform driver
[   13.369970] ohci_hcd: USB 1.1 'Open' Host Controller (OHCI) Driver
[   13.374625] ohci-pci: OHCI PCI platform driver
[   13.380589] ohci-platform: OHCI generic platform driver
[   13.387564] uhci_hcd: USB Universal Host Controller Interface driver
[   13.454710] i8042: PNP: PS/2 Controller [PNP0303:PS2K,PNP0f03:PS2M] at 0x60,0x64 irq 1,12
[   13.462105] serio: i8042 KBD port at 0x60,0x64 irq 1
[   13.465322] serio: i8042 AUX port at 0x60,0x64 irq 12
[   13.470247] mousedev: PS/2 mouse device common for all mice
[   13.501517] rtc_cmos rtc_cmos: rtc core: registered rtc_cmos as rtc0
[   13.565552] rtc_cmos rtc_cmos: alarms up to one day, 114 bytes nvram
[   13.569574] i2c /dev entries driver
[   13.592291] device-mapper: uevent: version 1.0.3
[   13.611958] input: AT Translated Set 2 keyboard as /devices/platform/i8042/serio0/input/input2
[   13.636185] device-mapper: ioctl: 4.34.0-ioctl (2015-10-28) initialised: dm-devel@redhat.com
[   13.656567] ledtrig-cpu: registered to indicate activity on CPUs
[   13.671013] NET: Registered protocol family 10
[   13.683071] NET: Registered protocol family 17
[   13.707472] Key type dns_resolver registered
[   13.734308] microcode: CPU0 sig=0x40651, pf=0x40, revision=0x0
[   13.740477] microcode: CPU1 sig=0x40651, pf=0x40, revision=0x0
[   13.784161] microcode: Microcode Update Driver: v2.01 <tigran@aivazian.fsnet.co.uk>, Peter Oruba
[   13.824779] registered taskstats version 1
[   13.889659] Loading compiled-in X.509 certificates
[   13.903289] Loaded X.509 cert 'Build time autogenerated kernel key: 181cd957879f68b474ab1d0c92722cd44e756f77'
[   14.004738] zswap: loaded using pool lzo/zbud
[   14.016284] Key type trusted registered
[   14.059335] Key type encrypted registered
[   14.140958] AppArmor: AppArmor sha1 policy hashing enabled
[   14.150037] ima: No TPM chip found, activating TPM-bypass!
[   14.158870] evm: HMAC attrs: 0x1
[   14.170532]   Magic number: 0:486:720
[   14.173718] block loop0: hash matches
[   14.192278] rtc_cmos rtc_cmos: setting system clock to 2016-09-02 06:44:21 UTC (1472798661)
[   14.194954] BIOS EDD facility v0.16 2004-Jun-25, 0 devices found
[   14.209545] EDD information not available.
[   14.212222] Freeing unused kernel memory: 1480K (ffffffff81f42000 - ffffffff820b4000)
[   14.236815] Write protecting the kernel read-only data: 14336k
[   14.255559] Freeing unused kernel memory: 1832K (ffff880001836000 - ffff880001a00000)
[   14.269926] Freeing unused kernel memory: 152K (ffff880001dda000 - ffff880001e00000)
Loading, please wait...
starting version[   14.294288] random: systemd-udevd urandom read with 3 bits of entropy available
 229
[   14.352203] e1000: Intel(R) PRO/1000 Network Driver - version 7.3.21-k8-NAPI
[   14.373531] e1000: Copyright (c) 1999-2006 Intel Corporation.
[   14.379641] Fusion MPT base driver 3.04.20
[   14.394464] Copyright (c) 1999-2008 LSI Corporation
[   14.424668] Fusion MPT SPI Host driver 3.04.20
[   14.542700] AVX version of gcm_enc/dec engaged.
[   14.561861] AES CTR mode by8 optimization enabled
[   14.695761] input: ImExPS/2 Generic Explorer Mouse as /devices/platform/i8042/serio1/input/input4
[   14.915671] e1000 0000:00:03.0 eth0: (PCI:33MHz:32-bit) 02:5a:d0:89:04:70
[   14.956734] e1000 0000:00:03.0 eth0: Intel(R) PRO/1000 Network Connection
[   14.992279] mptbase: ioc0: Initiating bringup
[   14.995800] e1000 0000:00:03.0 enp0s3: renamed from eth0
[   15.066855] ioc0: LSI53C1030 A0: Capabilities={Initiator}
[   15.269434] scsi host2: ioc0: LSI53C1030 A0, FwRev=00000000h, Ports=1, MaxQ=256, IRQ=20
[   15.387624] scsi 2:0:0:0: Direct-Access     VBOX     HARDDISK         1.0  PQ: 0 ANSI: 5
[   15.429473] scsi target2:0:0: Beginning Domain Validation
[   15.448501] scsi target2:0:0: Domain Validation skipping write tests
[   15.502133] scsi target2:0:0: Ending Domain Validation
[   15.541421] scsi target2:0:0: asynchronous
[   15.559654] scsi 2:0:1:0: Direct-Access     VBOX     HARDDISK         1.0  PQ: 0 ANSI: 5
[   15.622315] scsi target2:0:1: Beginning Domain Validation
[   15.674864] scsi target2:0:1: Domain Validation skipping write tests
[   15.739055] scsi target2:0:1: Ending Domain Validation
[   15.802836] scsi target2:0:1: asynchronous
[   15.827711] sd 2:0:0:0: Attached scsi generic sg0 type 0
[   15.843168] sd 2:0:0:0: [sda] 20971520 512-byte logical blocks: (10.7 GB/10.0 GiB)
[   15.855038] sd 2:0:0:0: [sda] Write Protect is off
[   15.855520] sd 2:0:1:0: [sdb] 20480 512-byte logical blocks: (10.5 MB/10.0 MiB)
[   15.855535] sd 2:0:1:0: Attached scsi generic sg1 type 0
[   15.855766] sd 2:0:1:0: [sdb] Write Protect is off
[   15.855866] sd 2:0:1:0: [sdb] Incomplete mode parameter data
[   15.855867] sd 2:0:1:0: [sdb] Assuming drive cache: write through
[   15.865182] sd 2:0:1:0: [sdb] Attached SCSI disk
[   15.944817] sd 2:0:0:0: [sda] Incomplete mode parameter data
[   15.969327] sd 2:0:0:0: [sda] Assuming drive cache: write through
[   15.995690]  sda: sda1
[   16.009131] sd 2:0:0:0: [sda] Attached SCSI disk
[   17.537241] floppy0: no floppy controllers found
[   46.758502] mptscsih: ioc0: attempting task abort! (sc=ffff88003e253380)
[   46.790596] sd 2:0:0:0: tag#1 CDB: Test Unit Ready 00 00 00 00 00 00
[   48.408716] mptscsih: ioc0: task abort: FAILED (rv=2003) (sc=ffff88003e253380)
[   48.734183] mptscsih: ioc0: attempting target reset! (sc=ffff88003e253380)
[   48.783582] sd 2:0:0:0: tag#1 CDB: Test Unit Ready 00 00 00 00 00 00
[   48.914195] mptscsih: ioc0: target reset: SUCCESS (sc=ffff88003e253380)
Begin: Loading e[   50.518855] md: linear personality registered for level -1
ssential drivers[   50.553905] md: multipath personality registered for level -4
 ... [   50.579764] md: raid0 personality registered for level 0
[   50.638605] md: raid1 personality registered for level 1
[   50.747046] raid6: sse2x1   gen()  8048 MB/s
[   50.838465] raid6: sse2x1   xor()  6351 MB/s
[   50.916103] raid6: sse2x2   gen()  9514 MB/s
[   51.022917] raid6: sse2x2   xor()  6174 MB/s
[   51.098808] raid6: sse2x4   gen() 11360 MB/s
[   51.171127] raid6: sse2x4   xor()  6421 MB/s
[   51.176480] raid6: using algorithm sse2x4 gen() 11360 MB/s
[   51.178307] raid6: .... xor() 6421 MB/s, rmw enabled
[   51.180764] raid6: using ssse3x2 recovery algorithm
[   51.195210] xor: automatically using best checksumming function:
[   51.274616]    avx       : 12068.000 MB/sec
[   51.297389] async_tx: api initialized (async)
[   51.329209] md: raid6 personality registered for level 6
[   51.336343] md: raid5 personality registered for level 5
[   51.340589] md: raid4 personality registered for level 4
[   51.367907] md: raid10 personality registered for level 10
done.
Begin: Running /scripts/init-premount ... done.
Begin: Mounting root file system ... Begin: Running /scripts/local-top ... done.
Begin: Running /scripts/local-premount ... [   51.455395] Btrfs loaded
Scanning for Btrfs filesystems
done.
Warning: fsck no[   51.544714] EXT4-fs (sda1): mounted filesystem with ordered data mode. Opts: (null)
t present, so skipping root file system
done.
Begin: Running /scripts/local-bottom ... done.
Begin: Running /scripts/init-bottom ... Warning: overlayroot: debug is busted
done.
[   51.695991] systemd[1]: systemd 229 running in system mode. (+PAM +AUDIT +SELINUX +IMA +APPARMOR +SMACK +SYSVINIT +UTMP +LIBCRYPTSETUP +GCRYPT +GNUTLS +ACL +XZ -LZ4 +SECCOMP +BLKID +ELFUTILS +KMOD -IDN)
[   51.746330] systemd[1]: Detected virtualization oracle.
[   51.767548] systemd[1]: Detected architecture x86-64.

Welcome to [1mUbuntu 16.04.1 LTS[0m!

[   51.807888] systemd[1]: Set hostname to <ubuntu>.
[   51.831568] systemd[1]: Initializing machine ID from random generator.
[   51.865711] systemd[1]: Installed transient /etc/machine-id file.
[   52.104828] systemd[1]: Listening on LVM2 poll daemon socket.
[[0;32m  OK  [0m] Listening on LVM2 poll daemon socket.
[   52.155350] systemd[1]: Listening on udev Control Socket.
[[0;32m  OK  [0m] Listening on udev Control Socket.
[   52.211917] systemd[1]: Listening on Journal Socket.
[[0;32m  OK  [0m] Listening on Journal Socket.
[   52.243396] systemd[1]: Listening on Journal Socket (/dev/log).
[[0;32m  OK  [0m] Listening on Journal Socket (/dev/log).
[   52.373775] systemd[1]: Listening on Syslog Socket.
[[0;32m  OK  [0m] Listening on Syslog Socket.
[   52.423728] systemd[1]: Reached target User and Group Name Lookups.
[[0;32m  OK  [0m] Reached target User and Group Name Lookups.
[   52.523015] systemd[1]: Listening on LVM2 metadata daemon socket.
[[0;32m  OK  [0m] Listening on LVM2 metadata daemon socket.
[   52.702770] systemd[1]: Started Forward Password Requests to Wall Directory Watch.
[[0;32m  OK  [0m] Started Forward Password Requests to Wall Directory Watch.
[   52.767139] systemd[1]: Listening on udev Kernel Socket.
[[0;32m  OK  [0m] Listening on udev Kernel Socket.
[   52.820348] systemd[1]: Reached target Swap.
[[0;32m  OK  [0m] Reached target Swap.
[   52.847688] systemd[1]: Reached target Encrypted Volumes.
[[0;32m  OK  [0m] Reached target Encrypted Volumes.
[   52.903801] systemd[1]: Created slice System Slice.
[[0;32m  OK  [0m] Created slice System Slice.
[   52.943869] systemd[1]: Starting Create list of required static device nodes for the current kernel...
         Starting Create list of required st... nodes for the current kernel...
[   53.111473] systemd[1]: Mounting POSIX Message Queue File System...
         Mounting POSIX Message Queue File System...
[   53.167971] systemd[1]: Starting Load Kernel Modules...
[   53.550]oain iCStrspt as v2.0-870.
         Startin[   53.749783] iscsi: registered transport (tcp)
g Load Kernel Modules...
[   53.855138] random: nonblocking pool is initialized
[   53.855754] systemd[1]: Starting Uncomplicated firewall...
         Starting Uncomplicated firewall...
[   53.935106] systemd[1]: Mounting Debug File System...
         Mounting Debug File System...
[   53.976376] systemd[1]: Starting Remount Root and Kernel File Systems...
         Startin[   54.004818] EXT4-fs (sda1): re-mounted. Opts: (null)
g Remount Root and Kernel File S[   54.080283] iscsi: registered transport (iser)
ystems...
[   54.135586] systemd[1]: Listening on Device-mapper event daemon FIFOs.
[[0;32m  OK  [0m] Listening on Device-mapper event daemon FIFOs.
[   54.247256] systemd[1]: Starting Set console keymap...
         Starting Set console keymap...
[   54.331154] systemd[1]: Created slice User and Session Slice.
[[0;32m  OK  [0m] Created slice User and Session Slice.
[   54.408467] systemd[1]: Reached target Slices.
[[0;32m  OK  [0m] Reached target Slices.
[   54.483213] systemd[1]: Starting Nameserver information manager...
         Starting Nameserver information manager...
[   54.548739] systemd[1]: Set up automount Arbitrary Executable File Formats File System Automount Point.
[[0;32m  OK  [0m] Set up automount Arbitrary Executab...ats File System Automount Point.
[   54.680880] systemd[1]: Listening on Journal Audit Socket.
[[0;32m  OK  [0m] Listening on Journal Audit Socket.
[   54.767078] systemd[1]: Starting Journal Service...
         Starting Journal Service...
[   54.800906] systemd[1]: Listening on /dev/initctl Compatibility Named Pipe.
[[0;32m  OK  [0m] Listening on /dev/initctl Compatibility Named Pipe.
[   54.975194] systemd[1]: Starting Monitoring of LVM2 mirrors, snapshots etc. using dmeventd or progress polling...
         Starting Monitoring of LVM2 mirrors... dmeventd or progress polling...
[   55.047350] systemd[1]: Created slice system-serial\x2dgetty.slice.
[[0;32m  OK  [0m] Created slice system-serial\x2dgetty.slice.
[   55.078736] systemd[1]: Mounting Huge Pages File System...
         Mounting Huge Pages File System...
[   55.096752] systemd[1]: Mounted POSIX Message Queue File System.
[[0;32m  OK  [0m] Mounted POSIX Message Queue File System.
[   55.139076] systemd[1]: Mounted Huge Pages File System.
[[0;32m  OK  [0m] Mounted Huge Pages File System.
[   55.147371] systemd[1]: Mounted Debug File System.
[[0;32m  OK  [0m] Mounted Debug File System.
[   55.162861] systemd[1]: Started Journal Service.
[[0;32m  OK  [0m] Started Journal Service.
[[0;32m  OK  [0m] Started Create list of required sta...ce nodes for the current kernel.
[[0;32m  OK  [0m] Started Load Kernel Modules.
[[0;32m  OK  [0m] Started Uncomplicated firewall.
[[0;32m  OK  [0m] Started Remount Root and Kernel File Systems.
[[0;32m  OK  [0m] Started Set console keymap.
[[0;32m  OK  [0m] Started Nameserver information manager.
[[0;32m  OK  [0m] Started LVM2 metadata daemon.
         Starting Load/Save Random Seed...
         Starting udev Coldplug all Devices...
         Starting Apply Kernel Variables...
         Mounting FUSE Control File System...
         Starting Create Static Device Nodes in /dev...
         Starting Flush Journal to Persistent Storage...
[[0;32m  OK  [0m] Mounted FUSE Control File System.
[[0;32m  OK  [0m] Started Monitoring of LVM2 mirrors,...ng dmeventd or progress polling.
[[0;32m  OK  [0m] Started Load/Save Random Seed.
[[0;32m  OK  [0m] Started Apply Kernel Variables.
[[0;32m  OK  [0m] Started Create Static Device Nodes in /dev.
[[0;32m  OK  [0m] Started udev Coldplug all Devices.
         Starting udev Kernel Device Manager...
[[0;32m  OK  [0m] Started udev Kernel Device Manager.
[[0;32m  OK  [0m] Started Flush Journal to Persistent Storage.
[[0;32m  OK  [0m] Started Dispatch Password Requests to Console Directory Watch.
[[0;32m  OK  [0m] Reached target Local File Systems (Pre).
[[0;32m  OK  [0m] Reached target Local File Systems.
         Starting Set console font and keymap...
         Starting Commit a transient machine-id on disk...
         Starting Initial cloud-init job (pre-networking)...
         Starting LSB: AppArmor initialization...
         Starting Tell Plymouth To Write Out Runtime Data...
         Starting Create Volatile Files and Directories...
[[0;32m  OK  [0m] Started Commit a transient machine-id on disk.
[[0;32m  OK  [0m] Started Tell Plymouth To Write Out Runtime Data.
[[0;32m  OK  [0m] Started Create Volatile Files and Directories.
         Starting Update UTMP about System Boot/Shutdown...
         Starting Network Time Synchronization...
[[0;32m  OK  [0m] Started Network Time Synchronization.
[[0;32m  OK  [0m] Started Set console font and keymap.
[[0;32m  OK  [0m] Created slice system-getty.slice.
[[0;32m  OK  [0m] Reached target System Time Synchronized.
[[0;32m  OK  [0m] Started Update UTMP about System Boot/Shutdown.
[[0;32m  OK  [0m] Found device /dev/ttyS0.
[[0;32m  OK  [0m] Listening on Load/Save RF Kill Switch Status /dev/rfkill Watch.
[   53.085010] cloud-init[1089]: Cloud-init v. 0.7.7 running 'init-local' at Fri, 02 Sep 2016 06:45:05 +0000. Up 52.09 seconds.
[[0;32m  OK  [0m] Started LSB: AppArmor initialization.
[[0;32m  OK  [0m] Started Initial cloud-init job (pre-networking).
[[0;32m  OK  [0m] Reached target Network (Pre).
         Starting Raise network interfaces...
[[0;32m  OK  [0m] Reached target System Initialization.
[[0;32m  OK  [0m] Started Daily apt activities.
[[0;32m  OK  [0m] Started Timer to automatically refresh installed snaps.
         Starting Socket activation for snappy daemon.
[[0;32m  OK  [0m] Listening on D-Bus System Message Bus Socket.
[[0;32m  OK  [0m] Started Daily Cleanup of Temporary Directories.
[[0;32m  OK  [0m] Reached target Timers.
[[0;32m  OK  [0m] Started Trigger resolvconf update for networkd DNS.
         Starting LXD - unix socket.
[[0;32m  OK  [0m] Listening on ACPID Listen Socket.
[[0;32m  OK  [0m] Listening on UUID daemon activation socket.
[[0;32m  OK  [0m] Started ACPI Events Check.
[[0;32m  OK  [0m] Reached target Paths.
[[0;32m  OK  [0m] Listening on Socket activation for snappy daemon.
[[0;32m  OK  [0m] Listening on LXD - unix socket.
[[0;32m  OK  [0m] Reached target Sockets.
[[0;32m  OK  [0m] Reached target Basic System.
         Starting System Logging Service...
[[0;32m  OK  [0m] Started Deferred execution scheduler.
         Starting LXD - container startup/shutdown...
         Starting Accounts Service...
         Starting LSB: Record successful boot for GRUB...
         Starting LSB: MD monitoring daemon...
[[0;32m  OK  [0m] Started FUSE filesystem for LXC.
         Starting Login Service...
[[0;32m  OK  [0m] Started ACPI event daemon.
[[0;32m  OK  [0m] Started D-Bus System Message Bus.
[[0;32m  OK  [0m] Started Snappy daemon.
[[0;32m  OK  [0m] Started Regular background program processing daemon.
[[0;32m  OK  [0m] Started System Logging Service.
[[0;32m  OK  [0m] Started LXD - container startup/shutdown.
[[0;32m  OK  [0m] Started LSB: MD monitoring daemon.
[[0;32m  OK  [0m] Started LSB: Record successful boot for GRUB.
[[0;32m  OK  [0m] Started Login Service.
         Starting Authenticate and Authorize Users to Run Privileged Tasks...
[[0;32m  OK  [0m] Started Authenticate and Authorize Users to Run Privileged Tasks.
[[0;32m  OK  [0m] Started Accounts Service.
[[0;32m  OK  [0m] Started Raise network interfaces.
[[0;32m  OK  [0m] Reached target Network.
         Starting Initial cloud-init job (metadata service crawler)...
[   56.226699] cloud-init[2069]: Cloud-init v. 0.7.7 running 'init' at Fri, 02 Sep 2016 06:45:08 +0000. Up 55.40 seconds.
[[0;32m  OK  [0m] Started Initial cloud-init job (metadata service crawler).
[   56.328333] cloud-init[2069]: ci-info: +++++++++++++++++++++++++++++++++++++Net device info+++++++++++++++++++++++++++++++++++++
[   56.464805] cloud-init[2069]: ci-info: +--------+------+---------------------------+---------------+-------+-------------------+
[   56.465236] cloud-init[2069]: ci-info: | Device |  Up  |          Address          |      Mask     | Scope |     Hw-Address    |
[[0;32m  OK  [0m] Reached target Network is Online.
[   56.465587] cloud-init[2069]: ci-info: +--------+------+---------------------------+---------------+-------+-------------------+
[   56.465639] cloud-init[2069]: ci-info: |   lo   | True |         127.0.0.1         |   255.0.0.0   |   .   |         .         |
[   56.805026] cloud-init[2069]: ci-info: |   lo   | True |          ::1/128          |       .       |  host |         .         |
[   56.805284] cloud-init[2069]: ci-info: | enp0s3 | True |         10.0.2.15         | 255.255.255.0 |   .   | 02:5a:d0:89:04:70 |
         Starting Pollinate to seed the pseudo random number generator...
[   56.806418] cloud-init[2069]: ci-info: | enp0s3 | True | fe80::5a:d0ff:fe89:470/64 |       .       |  link | 02:5a:d0:89:04:70 |
         Starting /etc/rc.local Compatibility...
[   56.888877] cloud-init[2069]: ci-info: +--------+------+---------------------------+---------------+-------+-------------------+
[   57.005334]          cloud-initStarting iSCSI initiator daemon (iscsid)...[2069]: 
ci-info: +++++++++++++++++++++++++++Route IPv4 info++++++++++++++++++++++++++++
[   57.027528] [[0;32m  OK  [0m] Reached target Cloud-config availability.
cloud-init[2069]: ci-info: +-------+-------------+----------+---------------+-----------+-------+
[   57.048677]          cloud-initStarting Apply the settings specified in cloud-config...[2069]: 
ci-info: | Route | Destination | Gateway  |    Genmask    | Interface | Flags |
[   57.050021] cloud-init[2069]: ci-info: +-------+-------------+----------+---------------+-----------+-------+
[[0;32m  OK  [0m] Started /etc/rc.local Compatibility.
[   57.115940] cloud-init[2069]: ci-info: |   0   |   0.0.0.0   | 10.0.2.2 |    0.0.0.0    |   enp0s3  |   UG  |
[   57.133987] cloud-init[2069]: ci-info: |   1   |   10.0.2.0  | 0.0.0.0  | 255.255.255.0 |   enp0s3  |   U   |
[   57.144085] cloud-init[2069]: ci-info: +-------+-------------+----------+---------------+-----------+-------+
[   57.153991] cloud-init[2069]: Generating public/private rsa key pair.
[   57.156360] cloud-init[2069]: Your identification has been saved in /etc/ssh/ssh_host_rsa_key.
[   57.192323] [cloud-init[0;32m  OK  [0m[2069]: ] Your public key has been saved in /etc/ssh/ssh_host_rsa_key.pub.Started iSCSI initiator daemon (iscsid).

[   57.193036] cloud-init[2069]: The key fingerprint is:
[   57.264299]          cloud-initStarting Login to default iSCSI targets...[2069]: 
SHA256:HQkbKz2BWXZnsF0y94quL4k12n1r3JT6D/8tRCPru1Y root@ubuntu-xenial
[   57.348993] [cloud-init[0;32m  OK  [0m[2069]: ] The key's randomart image is:Started Login to default iSCSI targets.

[[0;32m  OK  [0m] Reached target Remote File Systems (Pre).
[[0;32m  OK  [0m] Reached target Remote File Systems.
[   57.349492] cloud-init[2069]: +---[RSA 2048]----+
[   57.424478] cloud-init[2069]: |       +* o.= o  |
         Starting Permit User Sessions...
[   57.482886] cloud-init[2069]: |      oo B * = . |
[   57.572925] cloud-init[2069]: |      . = + .   .|
[   57.573261] cloud-init[2069]: |       . o ...o. |
         Starting LSB: automatic crash report generation...
[   57.573558] cloud-init[2069]: |        S . .+...|
         Starting LSB: daemon to balance interrupts for SMP systems...
[   57.682509] cloud-init[2069]: |          o.. E..|
         Starting LSB: Set the CPU Frequency Scaling governor to "ondemand"...
[[0;32m  OK  [0m] Started Permit User Sessions.
[   57.777185] cloud-init[2069]: |         = =.+oo |
[   57.815771] cloud-init[2069]: |        o +.+.=oo|
[   57.822808] cloud-init[2069]: |          .++=o+B|
         Starting Hold until boot process finishes up...
         Starting Terminate Plymouth Boot Screen...
[[0;32m  OK  [0m] Started LSB: automatic crash report generation.
[[0;32m  OK  [0m] Started LSB: daemon to balance interrupts for SMP systems.
[   57.857327] cloud-init[2069]: +----[SHA256]-----+
[   58.130753] [[0;32m  OK  [0m] Started LSB: Set the CPU Frequency Scaling governor to "ondemand".
[[0;32m  OK  [0m] Started Hold until boot process finishes up.
cloud-init[2069]: Generating public/private dsa key pair.
[   58.196685] cloud-init[2069]: Your identification has been saved in /etc/ssh/ssh_host_dsa_key.
[[0;32m  OK  [0m] Started Terminate Plymouth Boot Screen.
[   58.197508] cloud-init[2069]: Your public key has been saved in /etc/ssh/ssh_host_dsa_key.pub.
[   58.269033] cloud-init[2069]: The key fingerprint is:
[   58.300829] cloud-init[[2069]: [0;32m  OK  [0mSHA256:BSo2nJ0TiLWU5vLLejLldG2adgp9quALHuw0944GP94 root@ubuntu-xenial] 
Started Getty on tty1.
[   58.301808] cloud-init[2069]: The key's randomart image is:
         Starting Set console scheme...
[[0;32m  OK  [0m] Started Serial Getty on ttyS0.
[   58.376484] [cloud-init[0;32m  OK  [0m[2069]: ] +---[DSA 1024]----+Reached target Login Prompts.

[   58.394723] [cloud-init[0;32m  OK  [0m[2069]: ] |   ooo. .        |Started Set console scheme.

[   58.395538] cloud-init[2069]: |  .o++ + .       |
[   58.415520] cloud-init[2069]: |   oB =   .      |
[   58.427858] cloud-init[2069]: |  ...o . .       |
[   58.433238] cloud-init[2069]: |   o   .S        |
[   58.456408] cloud-init[2069]: |..  +.. o        |
[   58.480511] [cloud-init[0;32m  OK  [0m[2069]: ] |.=+*.o.+.        |Started Pollinate to seed the pseudo random number generator.

[   58.481175] cloud-init[2069]: |+o*=O.+o.        |
[   58.507385] cloud-init[2069]: | o*O+Eoo         |
[   58.514628] cloud-init[2069]: +----[SHA256]-----+
[   58.529581]          cloud-initStarting OpenBSD Secure Shell server...[2069]: 
Generating public/private ecdsa key pair.
[   58.556412] cloud-init[2069]: Your identification has been saved in /etc/ssh/ssh_host_ecdsa_key.
[   58.560476] cloud-init[2069]: Your public key has been saved in /etc/ssh/ssh_host_ecdsa_key.pub.
[   58.564528] cloud-init[2069]: The key fingerprint is:
[   58.580528] cloud-init[2069]: SHA256:MZu5K0YnqcbPzOOUUKGQmpeXXROYkicBWJjqQEjdY1c root@ubuntu-xenial
[   58.629215] [cloud-init[0;32m  OK  [0m[2069]: ] The key's randomart image is:Started OpenBSD Secure Shell server.

[   58.645449] cloud-init[2069]: +---[ECDSA 256]---+
[   58.651906] cloud-init[2069]: |o*=ooo.ooE       |
[   58.673029] cloud-init[2069]: |=..o+=+oo        |
[   58.698891] cloud-init[2069]: |oo .o*+.o.       |
[   58.716592] cloud-init[2069]: |= o o..  *       |
[   58.737035] cloud-init[2069]: |o. ..  .S        |
[   58.744833] cloud-init[2069]: | .   .+...       |
[   58.760972] cloud-init[2069]: |   . ooo.        |
[   58.793650] cloud-init[2069]: |    +=+  .       |
[   58.845081] cloud-init[2069]: |   . +*o.        |
[   58.876747] cloud-init[2069]: +----[SHA256]-----+
[   58.913009] cloud-init[2069]: Generating public/private ed25519 key pair.
[   58.968572] cloud-init[2069]: Your identification has been saved in /etc/ssh/ssh_host_ed25519_key.
[   58.987120] cloud-init[2069]: Your public key has been saved in /etc/ssh/ssh_host_ed25519_key.pub.
[   59.016638] cloud-init[2069]: The key fingerprint is:
[   59.024900] cloud-init[2069]: SHA256:w36wEZo0gB9zPu2xq4PQVIWg+wBT3qrSwVh8ZTRS5AI root@ubuntu-xenial
[   59.048597] cloud-init[2069]: The key's randomart image is:
[   59.057276] cloud-init[2069]: +--[ED25519 256]--+
[   59.089904] cloud-init[2069]: |  E.+=Bo.        |
[   59.116884] cloud-init[2069]: | +.+o*+.         |
[   59.126857] cloud-init[2069]: |o =.+*+..        |
[   59.133340] cloud-init[2069]: | * +ooo=o.       |
[   59.180718] cloud-init[2069]: |. *o  ooSo       |
[   59.201726] cloud-init[2069]: | o.+.  .o=       |
[   59.217902] cloud-init[2069]: |o ....  o..      |
[   59.236772] cloud-init[2069]: |.   . . ..       |
[   59.260977] cloud-init[2069]: |      .o         |
[   59.268666] cloud-init[2069]: +----[SHA256]-----+
[   59.280808] cloud-init[2187]: Generating locales (this might take a while)...
[   59.319103] cloud-init[2187]:   en_US.UTF-8... done
[   59.339798] cloud-init[2187]: Generation complete.
         Stopping OpenBSD Secure Shell server...
[[0;32m  OK  [0m] Stopped OpenBSD Secure Shell server.
         Starting OpenBSD Secure Shell server...
[[0;32m  OK  [0m] Started OpenBSD Secure Shell server.
[   59.921724] cloud-init[2187]: Cloud-init v. 0.7.7 running 'modules:config' at Fri, 02 Sep 2016 06:45:10 +0000. Up 57.61 seconds.
[[0;32m  OK  [0m] Started Apply the settings specified in cloud-config.
         Starting Execute cloud user/final scripts...
ci-info: no authorized ssh keys fingerprints found for user ubuntu.
<14>Sep  2 06:45:13 ec2: 
<14>Sep  2 06:45:13 ec2: #############################################################
<14>Sep  2 06:45:13 ec2: -----BEGIN SSH HOST KEY FINGERPRINTS-----
<14>Sep  2 06:45:13 ec2: 1024 SHA256:BSo2nJ0TiLWU5vLLejLldG2adgp9quALHuw0944GP94 root@ubuntu-xenial (DSA)
<14>Sep  2 06:45:13 ec2: 256 SHA256:MZu5K0YnqcbPzOOUUKGQmpeXXROYkicBWJjqQEjdY1c root@ubuntu-xenial (ECDSA)
<14>Sep  2 06:45:13 ec2: 256 SHA256:w36wEZo0gB9zPu2xq4PQVIWg+wBT3qrSwVh8ZTRS5AI root@ubuntu-xenial (ED25519)
<14>Sep  2 06:45:13 ec2: 2048 SHA256:HQkbKz2BWXZnsF0y94quL4k12n1r3JT6D/8tRCPru1Y root@ubuntu-xenial (RSA)
<14>Sep  2 06:45:13 ec2: -----END SSH HOST KEY FINGERPRINTS-----
<14>Sep  2 06:45:13 ec2: #############################################################
-----BEGIN SSH HOST KEY KEYS-----
ecdsa-sha2-nistp256 AAAAE2VjZHNhLXNoYTItbmlzdHAyNTYAAAAIbmlzdHAyNTYAAABBBCj8MelvEyoaggt3HPhDt7oAQ0Tr/Qc1dWeHRMsqWpsxr5byNihU9emzQfD3I28H9eqHmPgdq5GPYlURSaIkRM0= root@ubuntu-xenial
ssh-ed25519 AAAAC3NzaC1lZDI1NTE5AAAAIMGxhCgwuVB+rHzKKlYyZqd5tLLvky72gwH3Wlp8fd42 root@ubuntu-xenial
ssh-rsa AAAAB3NzaC1yc2EAAAADAQABAAABAQDDwD43a4v4B9ExLjUHQjrf4OLGyDofpCms6BpnIxezZKTHP/88r8L4DV9xRhL26SgwyqB9f4yj+fKiCFdA82xyAEkHppAtJ83BZ5HFODd6/hIST0Nu2xp2lSiaw/4eXs7mTmdAqv1QTYLrhfAb+yNd980AYcJ1s7D0YkvrmIqMxE3twuxtn7ZB1G038dpDv0ryiRTzJYMjOlK3iqbVxG9QpDOJEgRENSZGqsMtpudbRPNWmUFkU1SIMjd507GpJU1yb+ZGq4R8Nl/y7PN8HdwA2FPx5L4fcCAeMWAcwDYFrJp4I5TwLrg1mz2yQbFSUYIUSC5VtfNJy3WB9+8uX8+T root@ubuntu-xenial
-----END SSH HOST KEY KEYS-----
[[0;32m  OK  [0m] Created slice User Slice of ubuntu.
         Starting User Manager for UID 1000...
[   61.917640] cloud-init[2339]: Cloud-init v. 0.7.7 running 'modules:final' at Fri, 02 Sep 2016 06:45:13 +0000. Up 60.46 seconds.
[   62.003115] cloud-init[2339]: ci-info: no authorized ssh keys fingerprints found for user ubuntu.
[[   62.003495] cloud-init[2339]: Cloud-init v. 0.7.7 finished at Fri, 02 Sep 2016 06:45:15 +0000. Datasource DataSourceNoCloud [seed=/dev/sdb][dsmode=net].  Up 61.87 seconds
[0;32m  OK  [0m] Started Session 1 of user ubuntu.
[[0;32m  OK  [0m] Started User Manager for UID 1000.
[[0;32m  OK  [0m] Started Execute cloud user/final scripts.
[[0;32m  OK  [0m] Reached target Cloud-init target.
[[0;32m  OK  [0m] Reached target Multi-User System.
[[0;32m  OK  [0m] Reached target Graphical Interface.
         Starting Update UTMP about System Runlevel Changes...
[[0;32m  OK  [0m] Started Update UTMP about System Runlevel Changes.

Ubuntu 16.04.1 LTS ubuntu-xenial ttyS0

ubuntu-xenial login: 